Arguments: 
  C:\Program Files\nodejs\node.exe C:\Users\parav\AppData\Roaming\npm\node_modules\yarn\bin\yarn.js install

PATH: 
  C:\Program Files (x86)\Common Files\Oracle\Java\javapath;C:\Program Files (x86)\VMware\VMware Player\bin\;C:\app\parav\product\12.2.0\client_1\bin;C:\ALLinone\Seneca\DBS211\ppt;C:\Windows\system32;C:\Windows;C:\Windows\System32\Wbem;C:\Windows\System32\WindowsPowerShell\v1.0\;C:\Windows\System32\OpenSSH\;C:\Program Files (x86)\NVIDIA Corporation\PhysX\Common;C:\Program Files\NVIDIA Corporation\NVIDIA NvDLISR;C:\WINDOWS\system32;C:\WINDOWS;C:\WINDOWS\System32\Wbem;C:\WINDOWS\System32\WindowsPowerShell\v1.0\;C:\WINDOWS\System32\OpenSSH\;C:\Program Files\PuTTY\;C:\Program Files\Git\cmd;C:\Program Files\dotnet\;C:\xampp\php;C:\ProgramData\ComposerSetup\bin;C:\Program Files\TortoiseGit\bin;C:\Program Files\MySQL\MySQL Utilities 1.6\;C:\Program Files\Cloudflare\Cloudflare WARP\;C:\Users\parav\AppData\Roaming\nvm;C:\Program Files\nodejs;C:\Program Files\MySQL\MySQL Shell 8.0\bin\;C:\Users\parav\AppData\Local\Programs\Python\Python310\Scripts\;C:\Users\parav\AppData\Local\Programs\Python\Python310\;C:\Users\parav\AppData\Local\Microsoft\WindowsApps;C:\msys64\mingw64\bin;C:\msys64\usr\bin;C:\Users\parav\AppData\Local\Programs\Microsoft VS Code\bin;C:\Users\parav\AppData\Roaming\Composer\vendor\bin;C:\Program Files\heroku\bin;C:\ALLinone\aircrack-ng-1.7-win\bin;C:\Users\parav\AppData\Roaming\npm;C:\Users\parav\AppData\Local\GitHubDesktop\bin;C:\Users\parav\.dotnet\tools;C:\Users\parav\AppData\Roaming\nvm;C:\Program Files\nodejs

Yarn version: 
  1.22.19

Node version: 
  20.13.1

Platform: 
  win32 x64

Trace: 
  SyntaxError: Invalid value type 903:0 in C:\ALLinone\web\blogSite\memeWebApp-backend\yarn.lock
      at Parser.unexpected (C:\Users\parav\AppData\Roaming\npm\node_modules\yarn\lib\cli.js:63491:11)
      at Parser.parse (C:\Users\parav\AppData\Roaming\npm\node_modules\yarn\lib\cli.js:63619:16)
      at Parser.parse (C:\Users\parav\AppData\Roaming\npm\node_modules\yarn\lib\cli.js:63596:26)
      at parse (C:\Users\parav\AppData\Roaming\npm\node_modules\yarn\lib\cli.js:63696:21)
      at module.exports.exports.default (C:\Users\parav\AppData\Roaming\npm\node_modules\yarn\lib\cli.js:63258:96)
      at Function.<anonymous> (C:\Users\parav\AppData\Roaming\npm\node_modules\yarn\lib\cli.js:3068:63)
      at Generator.next (<anonymous>)
      at step (C:\Users\parav\AppData\Roaming\npm\node_modules\yarn\lib\cli.js:310:30)
      at C:\Users\parav\AppData\Roaming\npm\node_modules\yarn\lib\cli.js:321:13

npm manifest: 
  {
    "name": "meme-verse-server-shiha6",
    "version": "1.0.0",
    "main": "index.js",
    "author": "Parav",
    "license": "MIT",
    "scripts": {
      "dev:server": "nodemon dist/index",
      "watch": "tsc -w",
      "build": "yarn install && tsc"
    },
    "dependencies": {
      "bcryptjs": "^2.4.3",
      "cors": "^2.8.5",
      "dotenv": "^10.0.0",
      "express": "^4.17.1",
      "express-async-handler": "^1.1.4",
      "jsonwebtoken": "^8.5.1",
      "mongoose": "^6.0.5",
      "multer": "^1.4.3",
      "nodemailer": "^6.6.3"
    },
    "devDependencies": {
      "@types/bcryptjs": "^2.4.2",
      "@types/cors": "^2.8.12",
      "@types/express": "^4.17.13",
      "@types/jsonwebtoken": "^8.5.5",
      "@types/multer": "^1.4.7",
      "@types/nodemailer": "^6.4.4",
      "nodemon": "^2.0.12"
    }
  }

yarn manifest: 
  No manifest

Lockfile: 
  # THIS IS AN AUTOGENERATED FILE. DO NOT EDIT THIS FILE DIRECTLY.
  # yarn lockfile v1
  
  
  "@aws-crypto/ie11-detection@^3.0.0":
    version "3.0.0"
    resolved "https://registry.npmjs.org/@aws-crypto/ie11-detection/-/ie11-detection-3.0.0.tgz"
    integrity sha512-341lBBkiY1DfDNKai/wXM3aujNBkXR7tq1URPQDL9wi3AUbI80NR74uF1TXHMm7po1AcnFk8iu2S2IeU/+/A+Q==
    dependencies:
      tslib "^1.11.1"
  
  "@aws-crypto/sha256-browser@3.0.0":
    version "3.0.0"
    resolved "https://registry.npmjs.org/@aws-crypto/sha256-browser/-/sha256-browser-3.0.0.tgz"
    integrity sha512-8VLmW2B+gjFbU5uMeqtQM6Nj0/F1bro80xQXCW6CQBWgosFWXTx77aeOF5CAIAmbOK64SdMBJdNr6J41yP5mvQ==
    dependencies:
      "@aws-crypto/ie11-detection" "^3.0.0"
      "@aws-crypto/sha256-js" "^3.0.0"
      "@aws-crypto/supports-web-crypto" "^3.0.0"
      "@aws-crypto/util" "^3.0.0"
      "@aws-sdk/types" "^3.222.0"
      "@aws-sdk/util-locate-window" "^3.0.0"
      "@aws-sdk/util-utf8-browser" "^3.0.0"
      tslib "^1.11.1"
  
  "@aws-crypto/sha256-js@^3.0.0", "@aws-crypto/sha256-js@3.0.0":
    version "3.0.0"
    resolved "https://registry.npmjs.org/@aws-crypto/sha256-js/-/sha256-js-3.0.0.tgz"
    integrity sha512-PnNN7os0+yd1XvXAy23CFOmTbMaDxgxXtTKHybrJ39Y8kGzBATgBFibWJKH6BhytLI/Zyszs87xCOBNyBig6vQ==
    dependencies:
      "@aws-crypto/util" "^3.0.0"
      "@aws-sdk/types" "^3.222.0"
      tslib "^1.11.1"
  
  "@aws-crypto/supports-web-crypto@^3.0.0":
    version "3.0.0"
    resolved "https://registry.npmjs.org/@aws-crypto/supports-web-crypto/-/supports-web-crypto-3.0.0.tgz"
    integrity sha512-06hBdMwUAb2WFTuGG73LSC0wfPu93xWwo5vL2et9eymgmu3Id5vFAHBbajVWiGhPO37qcsdCap/FqXvJGJWPIg==
    dependencies:
      tslib "^1.11.1"
  
  "@aws-crypto/util@^3.0.0":
    version "3.0.0"
    resolved "https://registry.npmjs.org/@aws-crypto/util/-/util-3.0.0.tgz"
    integrity sha512-2OJlpeJpCR48CC8r+uKVChzs9Iungj9wkZrl8Z041DWEWvyIHILYKCPNzJghKsivj+S3mLo6BVc7mBNzdxA46w==
    dependencies:
      "@aws-sdk/types" "^3.222.0"
      "@aws-sdk/util-utf8-browser" "^3.0.0"
      tslib "^1.11.1"
  
  "@aws-sdk/client-cognito-identity@3.590.0":
    version "3.590.0"
    resolved "https://registry.npmjs.org/@aws-sdk/client-cognito-identity/-/client-cognito-identity-3.590.0.tgz"
    integrity sha512-Nfn23x7yZgp1umB+Avvsw9t8XIFWEqNQcpJ10Q8RcI9bQ0SvR4OcnnVsBA0WFL53FVzVM2FAkjNrCMRaSe6xWw==
    dependencies:
      "@aws-crypto/sha256-browser" "3.0.0"
      "@aws-crypto/sha256-js" "3.0.0"
      "@aws-sdk/client-sso-oidc" "3.590.0"
      "@aws-sdk/client-sts" "3.590.0"
      "@aws-sdk/core" "3.588.0"
      "@aws-sdk/credential-provider-node" "3.590.0"
      "@aws-sdk/middleware-host-header" "3.577.0"
      "@aws-sdk/middleware-logger" "3.577.0"
      "@aws-sdk/middleware-recursion-detection" "3.577.0"
      "@aws-sdk/middleware-user-agent" "3.587.0"
      "@aws-sdk/region-config-resolver" "3.587.0"
      "@aws-sdk/types" "3.577.0"
      "@aws-sdk/util-endpoints" "3.587.0"
      "@aws-sdk/util-user-agent-browser" "3.577.0"
      "@aws-sdk/util-user-agent-node" "3.587.0"
      "@smithy/config-resolver" "^3.0.1"
      "@smithy/core" "^2.1.1"
      "@smithy/fetch-http-handler" "^3.0.1"
      "@smithy/hash-node" "^3.0.0"
      "@smithy/invalid-dependency" "^3.0.0"
      "@smithy/middleware-content-length" "^3.0.0"
      "@smithy/middleware-endpoint" "^3.0.1"
      "@smithy/middleware-retry" "^3.0.3"
      "@smithy/middleware-serde" "^3.0.0"
      "@smithy/middleware-stack" "^3.0.0"
      "@smithy/node-config-provider" "^3.1.0"
      "@smithy/node-http-handler" "^3.0.0"
      "@smithy/protocol-http" "^4.0.0"
      "@smithy/smithy-client" "^3.1.1"
      "@smithy/types" "^3.0.0"
      "@smithy/url-parser" "^3.0.0"
      "@smithy/util-base64" "^3.0.0"
      "@smithy/util-body-length-browser" "^3.0.0"
      "@smithy/util-body-length-node" "^3.0.0"
      "@smithy/util-defaults-mode-browser" "^3.0.3"
      "@smithy/util-defaults-mode-node" "^3.0.3"
      "@smithy/util-endpoints" "^2.0.1"
      "@smithy/util-middleware" "^3.0.0"
      "@smithy/util-retry" "^3.0.0"
      "@smithy/util-utf8" "^3.0.0"
      tslib "^2.6.2"
  
  "@aws-sdk/client-sso-oidc@^3.587.0", "@aws-sdk/client-sso-oidc@3.590.0":
    version "3.590.0"
    resolved "https://registry.npmjs.org/@aws-sdk/client-sso-oidc/-/client-sso-oidc-3.590.0.tgz"
    integrity sha512-3yCLPjq6WFfDpdUJKk/gSz4eAPDTjVknXaveMPi2QoVBCshneOnJsV16uNKlpVF1frTHrrDRfKYmbaVh6nFBvQ==
    dependencies:
      "@aws-crypto/sha256-browser" "3.0.0"
      "@aws-crypto/sha256-js" "3.0.0"
      "@aws-sdk/client-sts" "3.590.0"
      "@aws-sdk/core" "3.588.0"
      "@aws-sdk/credential-provider-node" "3.590.0"
      "@aws-sdk/middleware-host-header" "3.577.0"
      "@aws-sdk/middleware-logger" "3.577.0"
      "@aws-sdk/middleware-recursion-detection" "3.577.0"
      "@aws-sdk/middleware-user-agent" "3.587.0"
      "@aws-sdk/region-config-resolver" "3.587.0"
      "@aws-sdk/types" "3.577.0"
      "@aws-sdk/util-endpoints" "3.587.0"
      "@aws-sdk/util-user-agent-browser" "3.577.0"
      "@aws-sdk/util-user-agent-node" "3.587.0"
      "@smithy/config-resolver" "^3.0.1"
      "@smithy/core" "^2.1.1"
      "@smithy/fetch-http-handler" "^3.0.1"
      "@smithy/hash-node" "^3.0.0"
      "@smithy/invalid-dependency" "^3.0.0"
      "@smithy/middleware-content-length" "^3.0.0"
      "@smithy/middleware-endpoint" "^3.0.1"
      "@smithy/middleware-retry" "^3.0.3"
      "@smithy/middleware-serde" "^3.0.0"
      "@smithy/middleware-stack" "^3.0.0"
      "@smithy/node-config-provider" "^3.1.0"
      "@smithy/node-http-handler" "^3.0.0"
      "@smithy/protocol-http" "^4.0.0"
      "@smithy/smithy-client" "^3.1.1"
      "@smithy/types" "^3.0.0"
      "@smithy/url-parser" "^3.0.0"
      "@smithy/util-base64" "^3.0.0"
      "@smithy/util-body-length-browser" "^3.0.0"
      "@smithy/util-body-length-node" "^3.0.0"
      "@smithy/util-defaults-mode-browser" "^3.0.3"
      "@smithy/util-defaults-mode-node" "^3.0.3"
      "@smithy/util-endpoints" "^2.0.1"
      "@smithy/util-middleware" "^3.0.0"
      "@smithy/util-retry" "^3.0.0"
      "@smithy/util-utf8" "^3.0.0"
      tslib "^2.6.2"
  
  "@aws-sdk/client-sso@3.590.0":
    version "3.590.0"
    resolved "https://registry.npmjs.org/@aws-sdk/client-sso/-/client-sso-3.590.0.tgz"
    integrity sha512-6xbC6oQVJKBRTyXyR3C15ksUsPOyW4p+uCj7dlKYWGJvh4vGTV8KhZKS53oPG8t4f1+OMJWjr5wKuXRoaFsmhQ==
    dependencies:
      "@aws-crypto/sha256-browser" "3.0.0"
      "@aws-crypto/sha256-js" "3.0.0"
      "@aws-sdk/core" "3.588.0"
      "@aws-sdk/middleware-host-header" "3.577.0"
      "@aws-sdk/middleware-logger" "3.577.0"
      "@aws-sdk/middleware-recursion-detection" "3.577.0"
      "@aws-sdk/middleware-user-agent" "3.587.0"
      "@aws-sdk/region-config-resolver" "3.587.0"
      "@aws-sdk/types" "3.577.0"
      "@aws-sdk/util-endpoints" "3.587.0"
      "@aws-sdk/util-user-agent-browser" "3.577.0"
      "@aws-sdk/util-user-agent-node" "3.587.0"
      "@smithy/config-resolver" "^3.0.1"
      "@smithy/core" "^2.1.1"
      "@smithy/fetch-http-handler" "^3.0.1"
      "@smithy/hash-node" "^3.0.0"
      "@smithy/invalid-dependency" "^3.0.0"
      "@smithy/middleware-content-length" "^3.0.0"
      "@smithy/middleware-endpoint" "^3.0.1"
      "@smithy/middleware-retry" "^3.0.3"
      "@smithy/middleware-serde" "^3.0.0"
      "@smithy/middleware-stack" "^3.0.0"
      "@smithy/node-config-provider" "^3.1.0"
      "@smithy/node-http-handler" "^3.0.0"
      "@smithy/protocol-http" "^4.0.0"
      "@smithy/smithy-client" "^3.1.1"
      "@smithy/types" "^3.0.0"
      "@smithy/url-parser" "^3.0.0"
      "@smithy/util-base64" "^3.0.0"
      "@smithy/util-body-length-browser" "^3.0.0"
      "@smithy/util-body-length-node" "^3.0.0"
      "@smithy/util-defaults-mode-browser" "^3.0.3"
      "@smithy/util-defaults-mode-node" "^3.0.3"
      "@smithy/util-endpoints" "^2.0.1"
      "@smithy/util-middleware" "^3.0.0"
      "@smithy/util-retry" "^3.0.0"
      "@smithy/util-utf8" "^3.0.0"
      tslib "^2.6.2"
  
  "@aws-sdk/client-sts@^3.587.0", "@aws-sdk/client-sts@^3.590.0", "@aws-sdk/client-sts@3.590.0":
    version "3.590.0"
    resolved "https://registry.npmjs.org/@aws-sdk/client-sts/-/client-sts-3.590.0.tgz"
    integrity sha512-f4R1v1LSn4uLYZ5qj4DyL6gp7PXXzJeJsm2seheiJX+53LSF5L7XSDnQVtX1p9Tevv0hp2YUWUTg6QYwIVSuGg==
    dependencies:
      "@aws-crypto/sha256-browser" "3.0.0"
      "@aws-crypto/sha256-js" "3.0.0"
      "@aws-sdk/client-sso-oidc" "3.590.0"
      "@aws-sdk/core" "3.588.0"
      "@aws-sdk/credential-provider-node" "3.590.0"
      "@aws-sdk/middleware-host-header" "3.577.0"
      "@aws-sdk/middleware-logger" "3.577.0"
      "@aws-sdk/middleware-recursion-detection" "3.577.0"
      "@aws-sdk/middleware-user-agent" "3.587.0"
      "@aws-sdk/region-config-resolver" "3.587.0"
      "@aws-sdk/types" "3.577.0"
      "@aws-sdk/util-endpoints" "3.587.0"
      "@aws-sdk/util-user-agent-browser" "3.577.0"
      "@aws-sdk/util-user-agent-node" "3.587.0"
      "@smithy/config-resolver" "^3.0.1"
      "@smithy/core" "^2.1.1"
      "@smithy/fetch-http-handler" "^3.0.1"
      "@smithy/hash-node" "^3.0.0"
      "@smithy/invalid-dependency" "^3.0.0"
      "@smithy/middleware-content-length" "^3.0.0"
      "@smithy/middleware-endpoint" "^3.0.1"
      "@smithy/middleware-retry" "^3.0.3"
      "@smithy/middleware-serde" "^3.0.0"
      "@smithy/middleware-stack" "^3.0.0"
      "@smithy/node-config-provider" "^3.1.0"
      "@smithy/node-http-handler" "^3.0.0"
      "@smithy/protocol-http" "^4.0.0"
      "@smithy/smithy-client" "^3.1.1"
      "@smithy/types" "^3.0.0"
      "@smithy/url-parser" "^3.0.0"
      "@smithy/util-base64" "^3.0.0"
      "@smithy/util-body-length-browser" "^3.0.0"
      "@smithy/util-body-length-node" "^3.0.0"
      "@smithy/util-defaults-mode-browser" "^3.0.3"
      "@smithy/util-defaults-mode-node" "^3.0.3"
      "@smithy/util-endpoints" "^2.0.1"
      "@smithy/util-middleware" "^3.0.0"
      "@smithy/util-retry" "^3.0.0"
      "@smithy/util-utf8" "^3.0.0"
      tslib "^2.6.2"
  
  "@aws-sdk/core@3.588.0":
    version "3.588.0"
    resolved "https://registry.npmjs.org/@aws-sdk/core/-/core-3.588.0.tgz"
    integrity sha512-O1c2+9ce46Z+iiid+W3iC1IvPbfIo5ev9CBi54GdNB9SaI8/3+f8MJcux0D6c9toCF0ArMersN/gp8ek57e9uQ==
    dependencies:
      "@smithy/core" "^2.1.1"
      "@smithy/protocol-http" "^4.0.0"
      "@smithy/signature-v4" "^3.0.0"
      "@smithy/smithy-client" "^3.1.1"
      "@smithy/types" "^3.0.0"
      fast-xml-parser "4.2.5"
      tslib "^2.6.2"
  
  "@aws-sdk/credential-provider-cognito-identity@3.590.0":
    version "3.590.0"
    resolved "https://registry.npmjs.org/@aws-sdk/credential-provider-cognito-identity/-/credential-provider-cognito-identity-3.590.0.tgz"
    integrity sha512-28vRC0BYaDVWU9AzGBywTRmwiwQfkixfOZGcY6e5J6cRjVoawomvHmC2mJd11SjoDcVLUQF+z4Z9z1ZCr1GcpA==
    dependencies:
      "@aws-sdk/client-cognito-identity" "3.590.0"
      "@aws-sdk/types" "3.577.0"
      "@smithy/property-provider" "^3.1.0"
      "@smithy/types" "^3.0.0"
      tslib "^2.6.2"
  
  "@aws-sdk/credential-provider-env@3.587.0":
    version "3.587.0"
    resolved "https://registry.npmjs.org/@aws-sdk/credential-provider-env/-/credential-provider-env-3.587.0.tgz"
    integrity sha512-Hyg/5KFECIk2k5o8wnVEiniV86yVkhn5kzITUydmNGCkXdBFHMHRx6hleQ1bqwJHbBskyu8nbYamzcwymmGwmw==
    dependencies:
      "@aws-sdk/types" "3.577.0"
      "@smithy/property-provider" "^3.1.0"
      "@smithy/types" "^3.0.0"
      tslib "^2.6.2"
  
  "@aws-sdk/credential-provider-http@3.587.0":
    version "3.587.0"
    resolved "https://registry.npmjs.org/@aws-sdk/credential-provider-http/-/credential-provider-http-3.587.0.tgz"
    integrity sha512-Su1SRWVRCuR1e32oxX3C1V4c5hpPN20WYcRfdcr2wXwHqSvys5DrnmuCC+JoEnS/zt3adUJhPliTqpfKgSdMrA==
    dependencies:
      "@aws-sdk/types" "3.577.0"
      "@smithy/fetch-http-handler" "^3.0.1"
      "@smithy/node-http-handler" "^3.0.0"
      "@smithy/property-provider" "^3.1.0"
      "@smithy/protocol-http" "^4.0.0"
      "@smithy/smithy-client" "^3.1.1"
      "@smithy/types" "^3.0.0"
      "@smithy/util-stream" "^3.0.1"
      tslib "^2.6.2"
  
  "@aws-sdk/credential-provider-ini@3.590.0":
    version "3.590.0"
    resolved "https://registry.npmjs.org/@aws-sdk/credential-provider-ini/-/credential-provider-ini-3.590.0.tgz"
    integrity sha512-Y5cFciAK38VIvRgZeND7HvFNR32thGtQb8Xop6cMn33FC78uwcRIu9Hc9699XTclCZqz4+Xl1WU+dZ+rnFn2AA==
    dependencies:
      "@aws-sdk/credential-provider-env" "3.587.0"
      "@aws-sdk/credential-provider-http" "3.587.0"
      "@aws-sdk/credential-provider-process" "3.587.0"
      "@aws-sdk/credential-provider-sso" "3.590.0"
      "@aws-sdk/credential-provider-web-identity" "3.587.0"
      "@aws-sdk/types" "3.577.0"
      "@smithy/credential-provider-imds" "^3.1.0"
      "@smithy/property-provider" "^3.1.0"
      "@smithy/shared-ini-file-loader" "^3.1.0"
      "@smithy/types" "^3.0.0"
      tslib "^2.6.2"
  
  "@aws-sdk/credential-provider-node@3.590.0":
    version "3.590.0"
    resolved "https://registry.npmjs.org/@aws-sdk/credential-provider-node/-/credential-provider-node-3.590.0.tgz"
    integrity sha512-Ky38mNFoXobGrDQ11P3dU1e+q1nRJ7eZl8l15KUpvZCe/hOudbxQi/epQrCazD/gRYV2fTyczdLlZzB5ZZ8DhQ==
    dependencies:
      "@aws-sdk/credential-provider-env" "3.587.0"
      "@aws-sdk/credential-provider-http" "3.587.0"
      "@aws-sdk/credential-provider-ini" "3.590.0"
      "@aws-sdk/credential-provider-process" "3.587.0"
      "@aws-sdk/credential-provider-sso" "3.590.0"
      "@aws-sdk/credential-provider-web-identity" "3.587.0"
      "@aws-sdk/types" "3.577.0"
      "@smithy/credential-provider-imds" "^3.1.0"
      "@smithy/property-provider" "^3.1.0"
      "@smithy/shared-ini-file-loader" "^3.1.0"
      "@smithy/types" "^3.0.0"
      tslib "^2.6.2"
  
  "@aws-sdk/credential-provider-process@3.587.0":
    version "3.587.0"
    resolved "https://registry.npmjs.org/@aws-sdk/credential-provider-process/-/credential-provider-process-3.587.0.tgz"
    integrity sha512-V4xT3iCqkF8uL6QC4gqBJg/2asd/damswP1h9HCfqTllmPWzImS+8WD3VjgTLw5b0KbTy+ZdUhKc0wDnyzkzxg==
    dependencies:
      "@aws-sdk/types" "3.577.0"
      "@smithy/property-provider" "^3.1.0"
      "@smithy/shared-ini-file-loader" "^3.1.0"
      "@smithy/types" "^3.0.0"
      tslib "^2.6.2"
  
  "@aws-sdk/credential-provider-sso@3.590.0":
    version "3.590.0"
    resolved "https://registry.npmjs.org/@aws-sdk/credential-provider-sso/-/credential-provider-sso-3.590.0.tgz"
    integrity sha512-v+0j/I+je9okfwXsgmLppmwIE+TuMp5WqLz7r7PHz9KjzLyKaKTDvfllFD+8oPpBqnmOWiJ9qTGPkrfhB7a/fQ==
    dependencies:
      "@aws-sdk/client-sso" "3.590.0"
      "@aws-sdk/token-providers" "3.587.0"
      "@aws-sdk/types" "3.577.0"
      "@smithy/property-provider" "^3.1.0"
      "@smithy/shared-ini-file-loader" "^3.1.0"
      "@smithy/types" "^3.0.0"
      tslib "^2.6.2"
  
  "@aws-sdk/credential-provider-web-identity@3.587.0":
    version "3.587.0"
    resolved "https://registry.npmjs.org/@aws-sdk/credential-provider-web-identity/-/credential-provider-web-identity-3.587.0.tgz"
    integrity sha512-XqIx/I2PG7kyuw3WjAP9wKlxy8IvFJwB8asOFT1xPFoVfZYKIogjG9oLP5YiRtfvDkWIztHmg5MlVv3HdJDGRw==
    dependencies:
      "@aws-sdk/types" "3.577.0"
      "@smithy/property-provider" "^3.1.0"
      "@smithy/types" "^3.0.0"
      tslib "^2.6.2"
  
  "@aws-sdk/credential-providers@^3.186.0":
    version "3.590.0"
    resolved "https://registry.npmjs.org/@aws-sdk/credential-providers/-/credential-providers-3.590.0.tgz"
    integrity sha512-Z4SHk/GCoM5JEJOH3+xr2I7VvPGdeGPHL1cck/UFIN1Fap1wT3uIsTW92Rhru2AvnhQnAPpDUOHO9/hDJk1MDA==
    dependencies:
      "@aws-sdk/client-cognito-identity" "3.590.0"
      "@aws-sdk/client-sso" "3.590.0"
      "@aws-sdk/client-sts" "3.590.0"
      "@aws-sdk/credential-provider-cognito-identity" "3.590.0"
      "@aws-sdk/credential-provider-env" "3.587.0"
      "@aws-sdk/credential-provider-http" "3.587.0"
      "@aws-sdk/credential-provider-ini" "3.590.0"
      "@aws-sdk/credential-provider-node" "3.590.0"
      "@aws-sdk/credential-provider-process" "3.587.0"
      "@aws-sdk/credential-provider-sso" "3.590.0"
      "@aws-sdk/credential-provider-web-identity" "3.587.0"
      "@aws-sdk/types" "3.577.0"
      "@smithy/credential-provider-imds" "^3.1.0"
      "@smithy/property-provider" "^3.1.0"
      "@smithy/types" "^3.0.0"
      tslib "^2.6.2"
  
  "@aws-sdk/middleware-host-header@3.577.0":
    version "3.577.0"
    resolved "https://registry.npmjs.org/@aws-sdk/middleware-host-header/-/middleware-host-header-3.577.0.tgz"
    integrity sha512-9ca5MJz455CODIVXs0/sWmJm7t3QO4EUa1zf8pE8grLpzf0J94bz/skDWm37Pli13T3WaAQBHCTiH2gUVfCsWg==
    dependencies:
      "@aws-sdk/types" "3.577.0"
      "@smithy/protocol-http" "^4.0.0"
      "@smithy/types" "^3.0.0"
      tslib "^2.6.2"
  
  "@aws-sdk/middleware-logger@3.577.0":
    version "3.577.0"
    resolved "https://registry.npmjs.org/@aws-sdk/middleware-logger/-/middleware-logger-3.577.0.tgz"
    integrity sha512-aPFGpGjTZcJYk+24bg7jT4XdIp42mFXSuPt49lw5KygefLyJM/sB0bKKqPYYivW0rcuZ9brQ58eZUNthrzYAvg==
    dependencies:
      "@aws-sdk/types" "3.577.0"
      "@smithy/types" "^3.0.0"
      tslib "^2.6.2"
  
  "@aws-sdk/middleware-recursion-detection@3.577.0":
    version "3.577.0"
    resolved "https://registry.npmjs.org/@aws-sdk/middleware-recursion-detection/-/middleware-recursion-detection-3.577.0.tgz"
    integrity sha512-pn3ZVEd2iobKJlR3H+bDilHjgRnNrQ6HMmK9ZzZw89Ckn3Dcbv48xOv4RJvu0aU8SDLl/SNCxppKjeLDTPGBNA==
    dependencies:
      "@aws-sdk/types" "3.577.0"
      "@smithy/protocol-http" "^4.0.0"
      "@smithy/types" "^3.0.0"
      tslib "^2.6.2"
  
  "@aws-sdk/middleware-user-agent@3.587.0":
    version "3.587.0"
    resolved "https://registry.npmjs.org/@aws-sdk/middleware-user-agent/-/middleware-user-agent-3.587.0.tgz"
    integrity sha512-SyDomN+IOrygLucziG7/nOHkjUXES5oH5T7p8AboO8oakMQJdnudNXiYWTicQWO52R51U6CR27rcMPTGeMedYA==
    dependencies:
      "@aws-sdk/types" "3.577.0"
      "@aws-sdk/util-endpoints" "3.587.0"
      "@smithy/protocol-http" "^4.0.0"
      "@smithy/types" "^3.0.0"
      tslib "^2.6.2"
  
  "@aws-sdk/region-config-resolver@3.587.0":
    version "3.587.0"
    resolved "https://registry.npmjs.org/@aws-sdk/region-config-resolver/-/region-config-resolver-3.587.0.tgz"
    integrity sha512-93I7IPZtulZQoRK+O20IJ4a1syWwYPzoO2gc3v+/GNZflZPV3QJXuVbIm0pxBsu0n/mzKGUKqSOLPIaN098HcQ==
    dependencies:
      "@aws-sdk/types" "3.577.0"
      "@smithy/node-config-provider" "^3.1.0"
      "@smithy/types" "^3.0.0"
      "@smithy/util-config-provider" "^3.0.0"
      "@smithy/util-middleware" "^3.0.0"
      tslib "^2.6.2"
  
  "@aws-sdk/token-providers@3.587.0":
    version "3.587.0"
    resolved "https://registry.npmjs.org/@aws-sdk/token-providers/-/token-providers-3.587.0.tgz"
    integrity sha512-ULqhbnLy1hmJNRcukANBWJmum3BbjXnurLPSFXoGdV0llXYlG55SzIla2VYqdveQEEjmsBuTZdFvXAtNpmS5Zg==
    dependencies:
      "@aws-sdk/types" "3.577.0"
      "@smithy/property-provider" "^3.1.0"
      "@smithy/shared-ini-file-loader" "^3.1.0"
      "@smithy/types" "^3.0.0"
      tslib "^2.6.2"
  
  "@aws-sdk/types@^3.222.0", "@aws-sdk/types@3.577.0":
    version "3.577.0"
    resolved "https://registry.npmjs.org/@aws-sdk/types/-/types-3.577.0.tgz"
    integrity sha512-FT2JZES3wBKN/alfmhlo+3ZOq/XJ0C7QOZcDNrpKjB0kqYoKjhVKZ/Hx6ArR0czkKfHzBBEs6y40ebIHx2nSmA==
    dependencies:
      "@smithy/types" "^3.0.0"
      tslib "^2.6.2"
  
  "@aws-sdk/util-endpoints@3.587.0":
    version "3.587.0"
    resolved "https://registry.npmjs.org/@aws-sdk/util-endpoints/-/util-endpoints-3.587.0.tgz"
    integrity sha512-8I1HG6Em8wQWqKcRW6m358mqebRVNpL8XrrEoT4In7xqkKkmYtHRNVYP6lcmiQh5pZ/c/FXu8dSchuFIWyEtqQ==
    dependencies:
      "@aws-sdk/types" "3.577.0"
      "@smithy/types" "^3.0.0"
      "@smithy/util-endpoints" "^2.0.1"
      tslib "^2.6.2"
  
  "@aws-sdk/util-locate-window@^3.0.0":
    version "3.568.0"
    resolved "https://registry.npmjs.org/@aws-sdk/util-locate-window/-/util-locate-window-3.568.0.tgz"
    integrity sha512-3nh4TINkXYr+H41QaPelCceEB2FXP3fxp93YZXB/kqJvX0U9j0N0Uk45gvsjmEPzG8XxkPEeLIfT2I1M7A6Lig==
    dependencies:
      tslib "^2.6.2"
  
  "@aws-sdk/util-user-agent-browser@3.577.0":
    version "3.577.0"
    resolved "https://registry.npmjs.org/@aws-sdk/util-user-agent-browser/-/util-user-agent-browser-3.577.0.tgz"
    integrity sha512-zEAzHgR6HWpZOH7xFgeJLc6/CzMcx4nxeQolZxVZoB5pPaJd3CjyRhZN0xXeZB0XIRCWmb4yJBgyiugXLNMkLA==
    dependencies:
      "@aws-sdk/types" "3.577.0"
      "@smithy/types" "^3.0.0"
      bowser "^2.11.0"
      tslib "^2.6.2"
  
  "@aws-sdk/util-user-agent-node@3.587.0":
    version "3.587.0"
    resolved "https://registry.npmjs.org/@aws-sdk/util-user-agent-node/-/util-user-agent-node-3.587.0.tgz"
    integrity sha512-Pnl+DUe/bvnbEEDHP3iVJrOtE3HbFJBPgsD6vJ+ml/+IYk1Eq49jEG+EHZdNTPz3SDG0kbp2+7u41MKYJHR/iQ==
    dependencies:
      "@aws-sdk/types" "3.577.0"
      "@smithy/node-config-provider" "^3.1.0"
      "@smithy/types" "^3.0.0"
      tslib "^2.6.2"
  
  "@aws-sdk/util-utf8-browser@^3.0.0":
    version "3.259.0"
    resolved "https://registry.npmjs.org/@aws-sdk/util-utf8-browser/-/util-utf8-browser-3.259.0.tgz"
    integrity sha512-UvFa/vR+e19XookZF8RzFZBrw2EUkQWxiBW0yYQAhvk3C+QVGl0H3ouca8LDBlBfQKXwmW3huo/59H8rwb1wJw==
    dependencies:
      tslib "^2.3.1"
  
  "@mongodb-js/saslprep@^1.1.0":
    version "1.1.7"
    resolved "https://registry.npmjs.org/@mongodb-js/saslprep/-/saslprep-1.1.7.tgz"
    integrity sha512-dCHW/oEX0KJ4NjDULBo3JiOaK5+6axtpBbS+ao2ZInoAL9/YRQLhXzSNAFz7hP4nzLkIqsfYAK/PDE3+XHny0Q==
    dependencies:
      sparse-bitfield "^3.0.3"
  
  "@smithy/abort-controller@^3.0.0":
    version "3.0.0"
    resolved "https://registry.npmjs.org/@smithy/abort-controller/-/abort-controller-3.0.0.tgz"
    integrity sha512-p6GlFGBt9K4MYLu72YuJ523NVR4A8oHlC5M2JO6OmQqN8kAc/uh1JqLE+FizTokrSJGg0CSvC+BrsmGzKtsZKA==
    dependencies:
      "@smithy/types" "^3.0.0"
      tslib "^2.6.2"
  
  "@smithy/config-resolver@^3.0.1":
    version "3.0.1"
    resolved "https://registry.npmjs.org/@smithy/config-resolver/-/config-resolver-3.0.1.tgz"
    integrity sha512-hbkYJc20SBDz2qqLzttjI/EqXemtmWk0ooRznLsiXp3066KQRTvuKHa7U4jCZCJq6Dozqvy0R1/vNESC9inPJg==
    dependencies:
      "@smithy/node-config-provider" "^3.1.0"
      "@smithy/types" "^3.0.0"
      "@smithy/util-config-provider" "^3.0.0"
      "@smithy/util-middleware" "^3.0.0"
      tslib "^2.6.2"
  
  "@smithy/core@^2.1.1":
    version "2.2.0"
    resolved "https://registry.npmjs.org/@smithy/core/-/core-2.2.0.tgz"
    integrity sha512-ygLZSSKgt9bR8HAxR9mK+U5obvAJBr6zlQuhN5soYWx/amjDoQN4dTkydTypgKe6rIbUjTILyLU+W5XFwXr4kg==
    dependencies:
      "@smithy/middleware-endpoint" "^3.0.1"
      "@smithy/middleware-retry" "^3.0.3"
      "@smithy/middleware-serde" "^3.0.0"
      "@smithy/protocol-http" "^4.0.0"
      "@smithy/smithy-client" "^3.1.1"
      "@smithy/types" "^3.0.0"
      "@smithy/util-middleware" "^3.0.0"
      tslib "^2.6.2"
  
  "@smithy/credential-provider-imds@^3.1.0":
    version "3.1.0"
    resolved "https://registry.npmjs.org/@smithy/credential-provider-imds/-/credential-provider-imds-3.1.0.tgz"
    integrity sha512-q4A4d38v8pYYmseu/jTS3Z5I3zXlEOe5Obi+EJreVKgSVyWUHOd7/yaVCinC60QG4MRyCs98tcxBH1IMC0bu7Q==
    dependencies:
      "@smithy/node-config-provider" "^3.1.0"
      "@smithy/property-provider" "^3.1.0"
      "@smithy/types" "^3.0.0"
      "@smithy/url-parser" "^3.0.0"
      tslib "^2.6.2"
  
  "@smithy/fetch-http-handler@^3.0.1":
    version "3.0.1"
    resolved "https://registry.npmjs.org/@smithy/fetch-http-handler/-/fetch-http-handler-3.0.1.tgz"
    integrity sha512-uaH74i5BDj+rBwoQaXioKpI0SHBJFtOVwzrCpxZxphOW0ki5jhj7dXvDMYM2IJem8TpdFvS2iC08sjOblfFGFg==
    dependencies:
      "@smithy/protocol-http" "^4.0.0"
      "@smithy/querystring-builder" "^3.0.0"
      "@smithy/types" "^3.0.0"
      "@smithy/util-base64" "^3.0.0"
      tslib "^2.6.2"
  
  "@smithy/hash-node@^3.0.0":
    version "3.0.0"
    resolved "https://registry.npmjs.org/@smithy/hash-node/-/hash-node-3.0.0.tgz"
    integrity sha512-84qXstNemP3XS5jcof0el6+bDfjzuvhJPQTEfro3lgtbCtKgzPm3MgiS6ehXVPjeQ5+JS0HqmTz8f/RYfzHVxw==
    dependencies:
      "@smithy/types" "^3.0.0"
      "@smithy/util-buffer-from" "^3.0.0"
      "@smithy/util-utf8" "^3.0.0"
      tslib "^2.6.2"
  
  "@smithy/invalid-dependency@^3.0.0":
    version "3.0.0"
    resolved "https://registry.npmjs.org/@smithy/invalid-dependency/-/invalid-dependency-3.0.0.tgz"
    integrity sha512-F6wBBaEFgJzj0s4KUlliIGPmqXemwP6EavgvDqYwCH40O5Xr2iMHvS8todmGVZtuJCorBkXsYLyTu4PuizVq5g==
    dependencies:
      "@smithy/types" "^3.0.0"
      tslib "^2.6.2"
  
  "@smithy/is-array-buffer@^3.0.0":
    version "3.0.0"
    resolved "https://registry.npmjs.org/@smithy/is-array-buffer/-/is-array-buffer-3.0.0.tgz"
    integrity sha512-+Fsu6Q6C4RSJiy81Y8eApjEB5gVtM+oFKTffg+jSuwtvomJJrhUJBu2zS8wjXSgH/g1MKEWrzyChTBe6clb5FQ==
    dependencies:
      tslib "^2.6.2"
  
  "@smithy/middleware-content-length@^3.0.0":
    version "3.0.0"
    resolved "https://registry.npmjs.org/@smithy/middleware-content-length/-/middleware-content-length-3.0.0.tgz"
    integrity sha512-3C4s4d/iGobgCtk2tnWW6+zSTOBg1PRAm2vtWZLdriwTroFbbWNSr3lcyzHdrQHnEXYCC5K52EbpfodaIUY8sg==
    dependencies:
      "@smithy/protocol-http" "^4.0.0"
      "@smithy/types" "^3.0.0"
      tslib "^2.6.2"
  
  "@smithy/middleware-endpoint@^3.0.1":
    version "3.0.1"
    resolved "https://registry.npmjs.org/@smithy/middleware-endpoint/-/middleware-endpoint-3.0.1.tgz"
    integrity sha512-lQ/UOdGD4KM5kLZiAl0q8Qy3dPbynvAXKAdXnYlrA1OpaUwr+neSsVokDZpY6ZVb5Yx8jnus29uv6XWpM9P4SQ==
    dependencies:
      "@smithy/middleware-serde" "^3.0.0"
      "@smithy/node-config-provider" "^3.1.0"
      "@smithy/shared-ini-file-loader" "^3.1.0"
      "@smithy/types" "^3.0.0"
      "@smithy/url-parser" "^3.0.0"
      "@smithy/util-middleware" "^3.0.0"
      tslib "^2.6.2"
  
  "@smithy/middleware-retry@^3.0.3":
    version "3.0.3"
    resolved "https://registry.npmjs.org/@smithy/middleware-retry/-/middleware-retry-3.0.3.tgz"
    integrity sha512-Wve1qzJb83VEU/6q+/I0cQdAkDnuzELC6IvIBwDzUEiGpKqXgX1v10FUuZGbRS6Ov/P+HHthcAoHOJZQvZNAkA==
    dependencies:
      "@smithy/node-config-provider" "^3.1.0"
      "@smithy/protocol-http" "^4.0.0"
      "@smithy/service-error-classification" "^3.0.0"
      "@smithy/smithy-client" "^3.1.1"
      "@smithy/types" "^3.0.0"
      "@smithy/util-middleware" "^3.0.0"
      "@smithy/util-retry" "^3.0.0"
      tslib "^2.6.2"
      uuid "^9.0.1"
  
  "@smithy/middleware-serde@^3.0.0":
    version "3.0.0"
    resolved "https://registry.npmjs.org/@smithy/middleware-serde/-/middleware-serde-3.0.0.tgz"
    integrity sha512-I1vKG1foI+oPgG9r7IMY1S+xBnmAn1ISqployvqkwHoSb8VPsngHDTOgYGYBonuOKndaWRUGJZrKYYLB+Ane6w==
    dependencies:
      "@smithy/types" "^3.0.0"
      tslib "^2.6.2"
  
  "@smithy/middleware-stack@^3.0.0":
    version "3.0.0"
    resolved "https://registry.npmjs.org/@smithy/middleware-stack/-/middleware-stack-3.0.0.tgz"
    integrity sha512-+H0jmyfAyHRFXm6wunskuNAqtj7yfmwFB6Fp37enytp2q047/Od9xetEaUbluyImOlGnGpaVGaVfjwawSr+i6Q==
    dependencies:
      "@smithy/types" "^3.0.0"
      tslib "^2.6.2"
  
  "@smithy/node-config-provider@^3.1.0":
    version "3.1.0"
    resolved "https://registry.npmjs.org/@smithy/node-config-provider/-/node-config-provider-3.1.0.tgz"
    integrity sha512-ngfB8QItUfTFTfHMvKuc2g1W60V1urIgZHqD1JNFZC2tTWXahqf2XvKXqcBS7yZqR7GqkQQZy11y/lNOUWzq7Q==
    dependencies:
      "@smithy/property-provider" "^3.1.0"
      "@smithy/shared-ini-file-loader" "^3.1.0"
      "@smithy/types" "^3.0.0"
      tslib "^2.6.2"
  
  "@smithy/node-http-handler@^3.0.0":
    version "3.0.0"
    resolved "https://registry.npmjs.org/@smithy/node-http-handler/-/node-http-handler-3.0.0.tgz"
    integrity sha512-3trD4r7NOMygwLbUJo4eodyQuypAWr7uvPnebNJ9a70dQhVn+US8j/lCnvoJS6BXfZeF7PkkkI0DemVJw+n+eQ==
    dependencies:
      "@smithy/abort-controller" "^3.0.0"
      "@smithy/protocol-http" "^4.0.0"
      "@smithy/querystring-builder" "^3.0.0"
      "@smithy/types" "^3.0.0"
      tslib "^2.6.2"
  
  "@smithy/property-provider@^3.1.0":
    version "3.1.0"
    resolved "https://registry.npmjs.org/@smithy/property-provider/-/property-provider-3.1.0.tgz"
    integrity sha512-Tj3+oVhqdZgemjCiWjFlADfhvLF4C/uKDuKo7/tlEsRQ9+3emCreR2xndj970QSRSsiCEU8hZW3/8JQu+n5w4Q==
    dependencies:
      "@smithy/types" "^3.0.0"
      tslib "^2.6.2"
  
  "@smithy/protocol-http@^4.0.0":
    version "4.0.0"
    resolved "https://registry.npmjs.org/@smithy/protocol-http/-/protocol-http-4.0.0.tgz"
    integrity sha512-qOQZOEI2XLWRWBO9AgIYuHuqjZ2csyr8/IlgFDHDNuIgLAMRx2Bl8ck5U5D6Vh9DPdoaVpuzwWMa0xcdL4O/AQ==
    dependencies:
      "@smithy/types" "^3.0.0"
      tslib "^2.6.2"
  
  "@smithy/querystring-builder@^3.0.0":
    version "3.0.0"
    resolved "https://registry.npmjs.org/@smithy/querystring-builder/-/querystring-builder-3.0.0.tgz"
    integrity sha512-bW8Fi0NzyfkE0TmQphDXr1AmBDbK01cA4C1Z7ggwMAU5RDz5AAv/KmoRwzQAS0kxXNf/D2ALTEgwK0U2c4LtRg==
    dependencies:
      "@smithy/types" "^3.0.0"
      "@smithy/util-uri-escape" "^3.0.0"
      tslib "^2.6.2"
  
  "@smithy/querystring-parser@^3.0.0":
    version "3.0.0"
    resolved "https://registry.npmjs.org/@smithy/querystring-parser/-/querystring-parser-3.0.0.tgz"
    integrity sha512-UzHwthk0UEccV4dHzPySnBy34AWw3V9lIqUTxmozQ+wPDAO9csCWMfOLe7V9A2agNYy7xE+Pb0S6K/J23JSzfQ==
    dependencies:
      "@smithy/types" "^3.0.0"
      tslib "^2.6.2"
  
  "@smithy/service-error-classification@^3.0.0":
    version "3.0.0"
    resolved "https://registry.npmjs.org/@smithy/service-error-classification/-/service-error-classification-3.0.0.tgz"
    integrity sha512-3BsBtOUt2Gsnc3X23ew+r2M71WwtpHfEDGhHYHSDg6q1t8FrWh15jT25DLajFV1H+PpxAJ6gqe9yYeRUsmSdFA==
    dependencies:
      "@smithy/types" "^3.0.0"
  
  "@smithy/shared-ini-file-loader@^3.1.0":
    version "3.1.0"
    resolved "https://registry.npmjs.org/@smithy/shared-ini-file-loader/-/shared-ini-file-loader-3.1.0.tgz"
    integrity sha512-dAM7wSX0NR3qTNyGVN/nwwpEDzfV9T/3AN2eABExWmda5VqZKSsjlINqomO5hjQWGv+IIkoXfs3u2vGSNz8+Rg==
    dependencies:
      "@smithy/types" "^3.0.0"
      tslib "^2.6.2"
  
  "@smithy/signature-v4@^3.0.0":
    version "3.0.0"
    resolved "https://registry.npmjs.org/@smithy/signature-v4/-/signature-v4-3.0.0.tgz"
    integrity sha512-kXFOkNX+BQHe2qnLxpMEaCRGap9J6tUGLzc3A9jdn+nD4JdMwCKTJ+zFwQ20GkY+mAXGatyTw3HcoUlR39HwmA==
    dependencies:
      "@smithy/is-array-buffer" "^3.0.0"
      "@smithy/types" "^3.0.0"
      "@smithy/util-hex-encoding" "^3.0.0"
      "@smithy/util-middleware" "^3.0.0"
      "@smithy/util-uri-escape" "^3.0.0"
      "@smithy/util-utf8" "^3.0.0"
      tslib "^2.6.2"
  
  "@smithy/smithy-client@^3.1.1":
    version "3.1.1"
    resolved "https://registry.npmjs.org/@smithy/smithy-client/-/smithy-client-3.1.1.tgz"
    integrity sha512-tj4Ku7MpzZR8cmVuPcSbrLFVxmptWktmJMwST/uIEq4sarabEdF8CbmQdYB7uJ/X51Qq2EYwnRsoS7hdR4B7rA==
    dependencies:
      "@smithy/middleware-endpoint" "^3.0.1"
      "@smithy/middleware-stack" "^3.0.0"
      "@smithy/protocol-http" "^4.0.0"
      "@smithy/types" "^3.0.0"
      "@smithy/util-stream" "^3.0.1"
      tslib "^2.6.2"
  
  "@smithy/types@^3.0.0":
    version "3.0.0"
    resolved "https://registry.npmjs.org/@smithy/types/-/types-3.0.0.tgz"
    integrity sha512-VvWuQk2RKFuOr98gFhjca7fkBS+xLLURT8bUjk5XQoV0ZLm7WPwWPPY3/AwzTLuUBDeoKDCthfe1AsTUWaSEhw==
    dependencies:
      tslib "^2.6.2"
  
  "@smithy/url-parser@^3.0.0":
    version "3.0.0"
    resolved "https://registry.npmjs.org/@smithy/url-parser/-/url-parser-3.0.0.tgz"
    integrity sha512-2XLazFgUu+YOGHtWihB3FSLAfCUajVfNBXGGYjOaVKjLAuAxx3pSBY3hBgLzIgB17haf59gOG3imKqTy8mcrjw==
    dependencies:
      "@smithy/querystring-parser" "^3.0.0"
      "@smithy/types" "^3.0.0"
      tslib "^2.6.2"
  
  "@smithy/util-base64@^3.0.0":
    version "3.0.0"
    resolved "https://registry.npmjs.org/@smithy/util-base64/-/util-base64-3.0.0.tgz"
    integrity sha512-Kxvoh5Qtt0CDsfajiZOCpJxgtPHXOKwmM+Zy4waD43UoEMA+qPxxa98aE/7ZhdnBFZFXMOiBR5xbcaMhLtznQQ==
    dependencies:
      "@smithy/util-buffer-from" "^3.0.0"
      "@smithy/util-utf8" "^3.0.0"
      tslib "^2.6.2"
  
  "@smithy/util-body-length-browser@^3.0.0":
    version "3.0.0"
    resolved "https://registry.npmjs.org/@smithy/util-body-length-browser/-/util-body-length-browser-3.0.0.tgz"
    integrity sha512-cbjJs2A1mLYmqmyVl80uoLTJhAcfzMOyPgjwAYusWKMdLeNtzmMz9YxNl3/jRLoxSS3wkqkf0jwNdtXWtyEBaQ==
    dependencies:
      tslib "^2.6.2"
  
  "@smithy/util-body-length-node@^3.0.0":
    version "3.0.0"
    resolved "https://registry.npmjs.org/@smithy/util-body-length-node/-/util-body-length-node-3.0.0.tgz"
    integrity sha512-Tj7pZ4bUloNUP6PzwhN7K386tmSmEET9QtQg0TgdNOnxhZvCssHji+oZTUIuzxECRfG8rdm2PMw2WCFs6eIYkA==
    dependencies:
      tslib "^2.6.2"
  
  "@smithy/util-buffer-from@^3.0.0":
    version "3.0.0"
    resolved "https://registry.npmjs.org/@smithy/util-buffer-from/-/util-buffer-from-3.0.0.tgz"
    integrity sha512-aEOHCgq5RWFbP+UDPvPot26EJHjOC+bRgse5A8V3FSShqd5E5UN4qc7zkwsvJPPAVsf73QwYcHN1/gt/rtLwQA==
    dependencies:
      "@smithy/is-array-buffer" "^3.0.0"
      tslib "^2.6.2"
  
  "@smithy/util-config-provider@^3.0.0":
    version "3.0.0"
    resolved "https://registry.npmjs.org/@smithy/util-config-provider/-/util-config-provider-3.0.0.tgz"
    integrity sha512-pbjk4s0fwq3Di/ANL+rCvJMKM5bzAQdE5S/6RL5NXgMExFAi6UgQMPOm5yPaIWPpr+EOXKXRonJ3FoxKf4mCJQ==
    dependencies:
      tslib "^2.6.2"
  
  "@smithy/util-defaults-mode-browser@^3.0.3":
    version "3.0.3"
    resolved "https://registry.npmjs.org/@smithy/util-defaults-mode-browser/-/util-defaults-mode-browser-3.0.3.tgz"
    integrity sha512-3DFON2bvXJAukJe+qFgPV/rorG7ZD3m4gjCXHD1V5z/tgKQp5MCTCLntrd686tX6tj8Uli3lefWXJudNg5WmCA==
    dependencies:
      "@smithy/property-provider" "^3.1.0"
      "@smithy/smithy-client" "^3.1.1"
      "@smithy/types" "^3.0.0"
      bowser "^2.11.0"
      tslib "^2.6.2"
  
  "@smithy/util-defaults-mode-node@^3.0.3":
    version "3.0.3"
    resolved "https://registry.npmjs.org/@smithy/util-defaults-mode-node/-/util-defaults-mode-node-3.0.3.tgz"
    integrity sha512-D0b8GJXecT00baoSQ3Iieu3k3mZ7GY8w1zmg8pdogYrGvWJeLcIclqk2gbkG4K0DaBGWrO6v6r20iwIFfDYrmA==
    dependencies:
      "@smithy/config-resolver" "^3.0.1"
      "@smithy/credential-provider-imds" "^3.1.0"
      "@smithy/node-config-provider" "^3.1.0"
      "@smithy/property-provider" "^3.1.0"
      "@smithy/smithy-client" "^3.1.1"
      "@smithy/types" "^3.0.0"
      tslib "^2.6.2"
  
  "@smithy/util-endpoints@^2.0.1":
    version "2.0.1"
    resolved "https://registry.npmjs.org/@smithy/util-endpoints/-/util-endpoints-2.0.1.tgz"
    integrity sha512-ZRT0VCOnKlVohfoABMc8lWeQo/JEFuPWctfNRXgTHbyOVssMOLYFUNWukxxiHRGVAhV+n3c0kPW+zUqckjVPEA==
    dependencies:
      "@smithy/node-config-provider" "^3.1.0"
      "@smithy/types" "^3.0.0"
      tslib "^2.6.2"
  
  "@smithy/util-hex-encoding@^3.0.0":
    version "3.0.0"
    resolved "https://registry.npmjs.org/@smithy/util-hex-encoding/-/util-hex-encoding-3.0.0.tgz"
    integrity sha512-eFndh1WEK5YMUYvy3lPlVmYY/fZcQE1D8oSf41Id2vCeIkKJXPcYDCZD+4+xViI6b1XSd7tE+s5AmXzz5ilabQ==
    dependencies:
      tslib "^2.6.2"
  
  "@smithy/util-middleware@^3.0.0":
    version "3.0.0"
    resolved "https://registry.npmjs.org/@smithy/util-middleware/-/util-middleware-3.0.0.tgz"
    integrity sha512-q5ITdOnV2pXHSVDnKWrwgSNTDBAMHLptFE07ua/5Ty5WJ11bvr0vk2a7agu7qRhrCFRQlno5u3CneU5EELK+DQ==
    dependencies:
      "@smithy/types" "^3.0.0"
      tslib "^2.6.2"
  
  "@smithy/util-retry@^3.0.0":
    version "3.0.0"
    resolved "https://registry.npmjs.org/@smithy/util-retry/-/util-retry-3.0.0.tgz"
    integrity sha512-nK99bvJiziGv/UOKJlDvFF45F00WgPLKVIGUfAK+mDhzVN2hb/S33uW2Tlhg5PVBoqY7tDVqL0zmu4OxAHgo9g==
    dependencies:
      "@smithy/service-error-classification" "^3.0.0"
      "@smithy/types" "^3.0.0"
      tslib "^2.6.2"
  
  "@smithy/util-stream@^3.0.1":
    version "3.0.1"
    resolved "https://registry.npmjs.org/@smithy/util-stream/-/util-stream-3.0.1.tgz"
    integrity sha512-7F7VNNhAsfMRA8I986YdOY5fE0/T1/ZjFF6OLsqkvQVNP3vZ/szYDfGCyphb7ioA09r32K/0qbSFfNFU68aSzA==
    dependencies:
      "@smithy/fetch-http-handler" "^3.0.1"
      "@smithy/node-http-handler" "^3.0.0"
      "@smithy/types" "^3.0.0"
      "@smithy/util-base64" "^3.0.0"
      "@smithy/util-buffer-from" "^3.0.0"
      "@smithy/util-hex-encoding" "^3.0.0"
      "@smithy/util-utf8" "^3.0.0"
      tslib "^2.6.2"
  
  "@smithy/util-uri-escape@^3.0.0":
    version "3.0.0"
    resolved "https://registry.npmjs.org/@smithy/util-uri-escape/-/util-uri-escape-3.0.0.tgz"
    integrity sha512-LqR7qYLgZTD7nWLBecUi4aqolw8Mhza9ArpNEQ881MJJIU2sE5iHCK6TdyqqzcDLy0OPe10IY4T8ctVdtynubg==
    dependencies:
      tslib "^2.6.2"
  
  "@smithy/util-utf8@^3.0.0":
    version "3.0.0"
    resolved "https://registry.npmjs.org/@smithy/util-utf8/-/util-utf8-3.0.0.tgz"
    integrity sha512-rUeT12bxFnplYDe815GXbq/oixEGHfRFFtcTF3YdDi/JaENIM6aSYYLJydG83UNzLXeRI5K8abYd/8Sp/QM0kA==
    dependencies:
      "@smithy/util-buffer-from" "^3.0.0"
      tslib "^2.6.2"
  
  "@types/bcryptjs@^2.4.2":
    version "2.4.2"
    resolved "https://registry.npmjs.org/@types/bcryptjs/-/bcryptjs-2.4.2.tgz"
    integrity sha512-LiMQ6EOPob/4yUL66SZzu6Yh77cbzJFYll+ZfaPiPPFswtIlA/Fs1MzdKYA7JApHU49zQTbJGX3PDmCpIdDBRQ==
  
  "@types/body-parser@*":
    version "1.19.1"
    resolved "https://registry.npmjs.org/@types/body-parser/-/body-parser-1.19.1.tgz"
    integrity sha512-a6bTJ21vFOGIkwM0kzh9Yr89ziVxq4vYH2fQ6N8AeipEzai/cFK6aGMArIkUeIdRIgpwQa+2bXiLuUJCpSf2Cg==
    dependencies:
      "@types/connect" "*"
      "@types/node" "*"
  
  "@types/connect@*":
    version "3.4.35"
    resolved "https://registry.npmjs.org/@types/connect/-/connect-3.4.35.tgz"
    integrity sha512-cdeYyv4KWoEgpBISTxWvqYsVy444DOqehiF3fM3ne10AmJ62RSyNkUnxMJXHQWRQQX2eR94m5y1IZyDwBjV9FQ==
    dependencies:
      "@types/node" "*"
  
  "@types/cors@^2.8.12":
    version "2.8.12"
    resolved "https://registry.npmjs.org/@types/cors/-/cors-2.8.12.tgz"
    integrity sha512-vt+kDhq/M2ayberEtJcIN/hxXy1Pk+59g2FV/ZQceeaTyCtCucjL2Q7FXlFjtWn4n15KCr1NE2lNNFhp0lEThw==
  
  "@types/express-serve-static-core@^4.17.18":
    version "4.17.24"
    resolved "https://registry.npmjs.org/@types/express-serve-static-core/-/express-serve-static-core-4.17.24.tgz"
    integrity sha512-3UJuW+Qxhzwjq3xhwXm2onQcFHn76frIYVbTu+kn24LFxI+dEhdfISDFovPB8VpEgW8oQCTpRuCe+0zJxB7NEA==
    dependencies:
      "@types/node" "*"
      "@types/qs" "*"
      "@types/range-parser" "*"
  
  "@types/express@*", "@types/express@^4.17.13":
    version "4.17.13"
    resolved "https://registry.npmjs.org/@types/express/-/express-4.17.13.tgz"
    integrity sha512-6bSZTPaTIACxn48l50SR+axgrqm6qXFIxrdAKaG6PaJk3+zuUr35hBlgT7vOmJcum+OEaIBLtHV/qloEAFITeA==
    dependencies:
      "@types/body-parser" "*"
      "@types/express-serve-static-core" "^4.17.18"
      "@types/qs" "*"
      "@types/serve-static" "*"
  
  "@types/jsonwebtoken@^8.5.5":
    version "8.5.5"
    resolved "https://registry.npmjs.org/@types/jsonwebtoken/-/jsonwebtoken-8.5.5.tgz"
    integrity sha512-OGqtHQ7N5/Ap/TUwO6IgHDuLiAoTmHhGpNvgkCm/F4N6pKzx/RBSfr2OXZSwC6vkfnsEdb6+7DNZVtiXiwdwFw==
    dependencies:
      "@types/node" "*"
  
  "@types/mime@^1":
    version "1.3.2"
    resolved "https://registry.npmjs.org/@types/mime/-/mime-1.3.2.tgz"
    integrity sha512-YATxVxgRqNH6nHEIsvg6k2Boc1JHI9ZbH5iWFFv/MTkchz3b1ieGDa5T0a9RznNdI0KhVbdbWSN+KWWrQZRxTw==
  
  "@types/multer@^1.4.7":
    version "1.4.7"
    resolved "https://registry.npmjs.org/@types/multer/-/multer-1.4.7.tgz"
    integrity sha512-/SNsDidUFCvqqcWDwxv2feww/yqhNeTRL5CVoL3jU4Goc4kKEL10T7Eye65ZqPNi4HRx8sAEX59pV1aEH7drNA==
    dependencies:
      "@types/express" "*"
  
  "@types/node@*":
    version "16.9.1"
    resolved "https://registry.npmjs.org/@types/node/-/node-16.9.1.tgz"
    integrity sha512-QpLcX9ZSsq3YYUUnD3nFDY8H7wctAhQj/TFKL8Ya8v5fMm3CFXxo8zStsLAl780ltoYoo1WvKUVGBQK+1ifr7g==
  
  "@types/nodemailer@^6.4.4":
    version "6.4.4"
    resolved "https://registry.npmjs.org/@types/nodemailer/-/nodemailer-6.4.4.tgz"
    integrity sha512-Ksw4t7iliXeYGvIQcSIgWQ5BLuC/mljIEbjf615svhZL10PE9t+ei8O9gDaD3FPCasUJn9KTLwz2JFJyiiyuqw==
    dependencies:
      "@types/node" "*"
  
  "@types/qs@*":
    version "6.9.7"
    resolved "https://registry.npmjs.org/@types/qs/-/qs-6.9.7.tgz"
    integrity sha512-FGa1F62FT09qcrueBA6qYTrJPVDzah9a+493+o2PCXsesWHIn27G98TsSMs3WPNbZIEj4+VJf6saSFpvD+3Zsw==
  
  "@types/range-parser@*":
    version "1.2.4"
    resolved "https://registry.npmjs.org/@types/range-parser/-/range-parser-1.2.4.tgz"
    integrity sha512-EEhsLsD6UsDM1yFhAvy0Cjr6VwmpMWqFBCb9w07wVugF7w9nfajxLuVmngTIpgS6svCnm6Vaw+MZhoDCKnOfsw==
  
  "@types/serve-static@*":
    version "1.13.10"
    resolved "https://registry.npmjs.org/@types/serve-static/-/serve-static-1.13.10.tgz"
    integrity sha512-nCkHGI4w7ZgAdNkrEu0bv+4xNV/XDqW+DydknebMOQwkpDGx8G+HTlj7R7ABI8i8nKxVw0wtKPi1D+lPOkh4YQ==
    dependencies:
      "@types/mime" "^1"
      "@types/node" "*"
  
  "@types/webidl-conversions@*":
    version "7.0.3"
    resolved "https://registry.npmjs.org/@types/webidl-conversions/-/webidl-conversions-7.0.3.tgz"
    integrity sha512-CiJJvcRtIgzadHCYXw7dqEnMNRjhGZlYK05Mj9OyktqV8uVT8fD2BFOB7S1uwBE3Kj2Z+4UyPmFw/Ixgw/LAlA==
  
  "@types/whatwg-url@^8.2.1":
    version "8.2.2"
    resolved "https://registry.npmjs.org/@types/whatwg-url/-/whatwg-url-8.2.2.tgz"
    integrity sha512-FtQu10RWgn3D9U4aazdwIE2yzphmTJREDqNdODHrbrZmmMqI0vMheC/6NE/J1Yveaj8H+ela+YwWTjq5PGmuhA==
    dependencies:
      "@types/node" "*"
      "@types/webidl-conversions" "*"
  
  abbrev@1:
    version "1.1.1"
    resolved "https://registry.npmjs.org/abbrev/-/abbrev-1.1.1.tgz"
    integrity sha512-nne9/IiQ/hzIhY6pdDnbBtz7DjPTKrY00P/zvPSm5pOFkl6xuGrGnXn/VtTNNfNtAfZ9/1RtehkszU9qcTii0Q==
  
  accepts@~1.3.8:
    version "1.3.8"
    resolved "https://registry.npmjs.org/accepts/-/accepts-1.3.8.tgz"
    integrity sha512-PYAthTa2m2VKxuvSD3DPC/Gy+U+sOA1LAuT8mkmRuvw+NACSaeXEQ+NHcVF7rONl6qcaxV3Uuemwawk+7+SJLw==
    dependencies:
      mime-types "~2.1.34"
      negotiator "0.6.3"
  
  anymatch@~3.1.2:
    version "3.1.2"
    resolved "https://registry.npmjs.org/anymatch/-/anymatch-3.1.2.tgz"
    integrity sha512-P43ePfOAIupkguHUycrc4qJ9kz8ZiuOUijaETwX7THt0Y/GNK7v0aa8rY816xWjZ7rJdA5XdMcpVFTKMq+RvWg==
    dependencies:
      normalize-path "^3.0.0"
      picomatch "^2.0.4"
  
  append-field@^1.0.0:
    version "1.0.0"
    resolved "https://registry.npmjs.org/append-field/-/append-field-1.0.0.tgz"
    integrity sha1-HjRA6RXwsSA9I3SOeO3XubW0PlY= sha512-klpgFSWLW1ZEs8svjfb7g4qWY0YS5imI82dTg+QahUvJ8YqAY0P10Uk8tTyh9ZGuYEZEMaeJYCF5BFuX552hsw==
  
  array-flatten@1.1.1:
    version "1.1.1"
    resolved "https://registry.npmjs.org/array-flatten/-/array-flatten-1.1.1.tgz"
    integrity sha1-ml9pkFGx5wczKPKgCJaLZOopVdI= sha512-PCVAQswWemu6UdxsDFFX/+gVeYqKAod3D3UVm91jHwynguOwAvYPhx8nNlM++NqRcK6CxxpUafjmhIdKiHibqg==
  
  balanced-match@^1.0.0:
    version "1.0.2"
    resolved "https://registry.npmjs.org/balanced-match/-/balanced-match-1.0.2.tgz"
    integrity sha512-3oSeUO0TMV67hN1AmbXsK4yaqU7tjiHlbxRDZOpH0KW9+CeX4bRAaX0Anxt0tx2MrpRpWwQaPwIlISEJhYU5Pw==
  
  base64-js@^1.3.1:
    version "1.5.1"
    resolved "https://registry.npmjs.org/base64-js/-/base64-js-1.5.1.tgz"
    integrity sha512-AKpaYlHn8t4SVbOHCy+b5+KKgvR4vrsD8vbvrbiQJps7fKDTkjkDry6ji0rUJjC0kzbNePLwzxq8iypo41qeWA==
  
  bcryptjs@^2.4.3:
    version "2.4.3"
    resolved "https://registry.npmjs.org/bcryptjs/-/bcryptjs-2.4.3.tgz"
    integrity sha1-mrVie5PmBiH/fNrF2pczAn3x0Ms= sha512-V/Hy/X9Vt7f3BbPJEi8BdVFMByHi+jNXrYkW3huaybV/kQ0KJg0Y6PkEMbn+zeT+i+SiKZ/HMqJGIIt4LZDqNQ==
  
  binary-extensions@^2.0.0:
    version "2.2.0"
    resolved "https://registry.npmjs.org/binary-extensions/-/binary-extensions-2.2.0.tgz"
    integrity sha512-jDctJ/IVQbZoJykoeHbhXpOlNBqGNcwXJKJog42E5HDPUwQTSdjCHdihjj0DlnheQ7blbT6dHOafNAiS8ooQKA==
  
  body-parser@1.20.2:
    version "1.20.2"
    resolved "https://registry.npmjs.org/body-parser/-/body-parser-1.20.2.tgz"
    integrity sha512-ml9pReCu3M61kGlqoTm2umSXTlRTuGTx0bfYj+uIUKKYycG5NtSbeetV3faSU6R7ajOPw0g/J1PvK4qNy7s5bA==
    dependencies:
      bytes "3.1.2"
      content-type "~1.0.5"
      debug "2.6.9"
      depd "2.0.0"
      destroy "1.2.0"
      http-errors "2.0.0"
      iconv-lite "0.4.24"
      on-finished "2.4.1"
      qs "6.11.0"
      raw-body "2.5.2"
      type-is "~1.6.18"
      unpipe "1.0.0"
  
  bowser@^2.11.0:
    version "2.11.0"
    resolved "https://registry.npmjs.org/bowser/-/bowser-2.11.0.tgz"
    integrity sha512-AlcaJBi/pqqJBIQ8U9Mcpc9i8Aqxn88Skv5d+xBX006BY5u8N3mGLHa5Lgppa7L/HfwgwLgZ6NYs+Ag6uUmJRA==
  
  brace-expansion@^1.1.7:
    version "1.1.11"
    resolved "https://registry.npmjs.org/brace-expansion/-/brace-expansion-1.1.11.tgz"
    integrity sha512-iCuPHDFgrHX7H2vEI/5xpz07zSHB00TpugqhmYtVmMO6518mCuRMoOYFldEBl0g187ufozdaHgWKcYFb61qGiA==
    dependencies:
      balanced-match "^1.0.0"
      concat-map "0.0.1"
  
  braces@~3.0.2:
    version "3.0.2"
    resolved "https://registry.npmjs.org/braces/-/braces-3.0.2.tgz"
    integrity sha512-b8um+L1RzM3WDSzvhm6gIz1yfTbBt6YTlcEKAvsmqCZZFw46z626lVj9j1yEPW33H5H+lBQpZMP1k8l+78Ha0A==
    dependencies:
      fill-range "^7.0.1"
  
  bson@^4.7.2:
    version "4.7.2"
    resolved "https://registry.npmjs.org/bson/-/bson-4.7.2.tgz"
    integrity sha512-Ry9wCtIZ5kGqkJoi6aD8KjxFZEx78guTQDnpXWiNthsxzrxAK/i8E6pCHAIZTbaEFWcOCvbecMukfK7XUvyLpQ==
    dependencies:
      buffer "^5.6.0"
  
  buffer-equal-constant-time@1.0.1:
    version "1.0.1"
    resolved "https://registry.npmjs.org/buffer-equal-constant-time/-/buffer-equal-constant-time-1.0.1.tgz"
    integrity sha1-+OcRMvf/5uAaXJaXpMbz5I1cyBk= sha512-zRpUiDwd/xk6ADqPMATG8vc9VPrkck7T07OIx0gnjmJAnHnTVXNQG3vfvWNuiZIkwu9KrKdA1iJKfsfTVxE6NA==
  
  buffer-from@^1.0.0:
    version "1.1.2"
    resolved "https://registry.npmjs.org/buffer-from/-/buffer-from-1.1.2.tgz"
    integrity sha512-E+XQCRwSbaaiChtv6k6Dwgc+bx+Bs6vuKJHHl5kox/BaKbhiXzqQOwK4cO22yElGp2OCmjwVhT3HmxgyPGnJfQ==
  
  buffer@^5.6.0:
    version "5.7.1"
    resolved "https://registry.npmjs.org/buffer/-/buffer-5.7.1.tgz"
    integrity sha512-EHcyIPBQ4BSGlvjB16k5KgAJ27CIsHY/2JBmCRReo48y9rQ3MaUzWX3KVlBa4U7MyX02HdVj0K7C3WaB3ju7FQ==
    dependencies:
      base64-js "^1.3.1"
      ieee754 "^1.1.13"
  
  busboy@^0.2.11:
    version "0.2.14"
    resolved "https://registry.npmjs.org/busboy/-/busboy-0.2.14.tgz"
    integrity sha512-InWFDomvlkEj+xWLBfU3AvnbVYqeTWmQopiW0tWWEy5yehYm2YkGEc59sUmw/4ty5Zj/b0WHGs1LgecuBSBGrg==
    dependencies:
      dicer "0.2.5"
      readable-stream "1.1.x"
  
  bytes@3.1.2:
    version "3.1.2"
    resolved "https://registry.npmjs.org/bytes/-/bytes-3.1.2.tgz"
    integrity sha512-/Nf7TyzTx6S3yRJObOAV7956r8cr2+Oj8AC5dt8wSP3BQAoeX58NoHyCU8P8zGkNXStjTSi6fzO6F0pBdcYbEg==
  
  call-bind@^1.0.7:
    version "1.0.7"
    resolved "https://registry.npmjs.org/call-bind/-/call-bind-1.0.7.tgz"
    integrity sha512-GHTSNSYICQ7scH7sZ+M2rFopRoLh8t2bLSW6BbgrtLsahOIB5iyAVJf9GjWK3cYTDaMj4XdBpM1cA6pIS0Kv2w==
    dependencies:
      es-define-property "^1.0.0"
      es-errors "^1.3.0"
      function-bind "^1.1.2"
      get-intrinsic "^1.2.4"
      set-function-length "^1.2.1"
  
  chokidar@^3.5.2:
    version "3.5.2"
    resolved "https://registry.npmjs.org/chokidar/-/chokidar-3.5.2.tgz"
    integrity sha512-ekGhOnNVPgT77r4K/U3GDhu+FQ2S8TnK/s2KbIGXi0SZWuwkZ2QNyfWdZW+TVfn84DpEP7rLeCt2UI6bJ8GwbQ==
    dependencies:
      anymatch "~3.1.2"
      braces "~3.0.2"
      glob-parent "~5.1.2"
      is-binary-path "~2.1.0"
      is-glob "~4.0.1"
      normalize-path "~3.0.0"
      readdirp "~3.6.0"
    optionalDependencies:
      fsevents "~2.3.2"
  
  concat-map@0.0.1:
    version "0.0.1"
    resolved "https://registry.npmjs.org/concat-map/-/concat-map-0.0.1.tgz"
    integrity sha512-/Srv4dswyQNBfohGpz9o6Yb3Gz3SrUDqBH5rTuhGR7ahtlbYKnVxw2bCFMRljaA7EXHaXZ8wsHdodFvbkhKmqg==
  
  concat-stream@^1.5.2:
    version "1.6.2"
    resolved "https://registry.npmjs.org/concat-stream/-/concat-stream-1.6.2.tgz"
    integrity sha512-27HBghJxjiZtIk3Ycvn/4kbJk/1uZuJFfuPEns6LaEvpvG1f0hTea8lilrouyo9mVc2GWdcEZ8OLoGmSADlrCw==
    dependencies:
      buffer-from "^1.0.0"
      inherits "^2.0.3"
      readable-stream "^2.2.2"
      typedarray "^0.0.6"
  
  content-disposition@0.5.4:
    version "0.5.4"
    resolved "https://registry.npmjs.org/content-disposition/-/content-disposition-0.5.4.tgz"
    integrity sha512-FveZTNuGw04cxlAiWbzi6zTAL/lhehaWbTtgluJh4/E95DqMwTmha3KZN1aAWA8cFIhHzMZUvLevkw5Rqk+tSQ==
    dependencies:
      safe-buffer "5.2.1"
  
  content-type@~1.0.4, content-type@~1.0.5:
    version "1.0.5"
    resolved "https://registry.npmjs.org/content-type/-/content-type-1.0.5.tgz"
    integrity sha512-nTjqfcBFEipKdXCv4YDQWCfmcLZKm81ldF0pAopTvyrFGVbcR6P/VAAd5G7N+0tTr8QqiU0tFadD6FK4NtJwOA==
  
  cookie-signature@1.0.6:
    version "1.0.6"
    resolved "https://registry.npmjs.org/cookie-signature/-/cookie-signature-1.0.6.tgz"
    integrity sha1-4wOogrNCzD7oylE6eZmXNNqzriw= sha512-QADzlaHc8icV8I7vbaJXJwod9HWYp8uCqf1xa4OfNu1T7JVxQIrUgOWtHdNDtPiywmFbiS12VjotIXLrKM3orQ==
  
  cookie@0.6.0:
    version "0.6.0"
    resolved "https://registry.npmjs.org/cookie/-/cookie-0.6.0.tgz"
    integrity sha512-U71cyTamuh1CRNCfpGY6to28lxvNwPG4Guz/EVjgf3Jmzv0vlDp1atT9eS5dDjMYHucpHbWns6Lwf3BKz6svdw==
  
  core-util-is@~1.0.0:
    version "1.0.3"
    resolved "https://registry.npmjs.org/core-util-is/-/core-util-is-1.0.3.tgz"
    integrity sha512-ZQBvi1DcpJ4GDqanjucZ2Hj3wEO5pZDS89BWbkcrvdxksJorwUDDZamX9ldFkp9aw2lmBDLgkObEA4DWNJ9FYQ==
  
  cors@^2.8.5:
    version "2.8.5"
    resolved "https://registry.npmjs.org/cors/-/cors-2.8.5.tgz"
    integrity sha512-KIHbLJqu73RGr/hnbrO9uBeixNGuvSQjul/jdFvS/KFSIH1hWVd1ng7zOHx+YrEfInLG7q4n6GHQ9cDtxv/P6g==
    dependencies:
      object-assign "^4"
      vary "^1"
  
  debug@^3.2.7:
    version "3.2.7"
    resolved "https://registry.npmjs.org/debug/-/debug-3.2.7.tgz"
    integrity sha512-CFjzYYAi4ThfiQvizrFQevTTXHtnCqWfe7x1AhgEscTz6ZbLbfoLRLPugTQyBth6f8ZERVUSyWHFD/7Wu4t1XQ==
    dependencies:
      ms "^2.1.1"
  
  debug@2.6.9:
    version "2.6.9"
    resolved "https://registry.npmjs.org/debug/-/debug-2.6.9.tgz"
    integrity sha512-bC7ElrdJaJnPbAP+1EotYvqZsb3ecl5wi6Bfi6BJTUcNowp6cvspg0jXznRTKDjm/E7AdgFBVeAPVMNcKGsHMA==
    dependencies:
      ms "2.0.0"
  
  debug@4.x:
    version "4.3.5"
    resolved "https://registry.npmjs.org/debug/-/debug-4.3.5.tgz"
    integrity sha512-pt0bNEmneDIvdL1Xsd9oDQ/wrQRkXDT4AUWlNZNPKvW5x/jyO9VFXkJUP07vQ2upmw5PlaITaPKc31jK13V+jg==
    dependencies:
      ms "2.1.2"
  
  define-data-property@^1.1.4:
    version "1.1.4"
    resolved "https://registry.npmjs.org/define-data-property/-/define-data-property-1.1.4.tgz"
    integrity sha512-rBMvIzlpA8v6E+SJZoo++HAYqsLrkg7MSfIinMPFhmkorw7X+dOXVJQs+QT69zGkzMyfDnIMN2Wid1+NbL3T+A==
    dependencies:
      es-define-property "^1.0.0"
      es-errors "^1.3.0"
      gopd "^1.0.1"
  
  depd@2.0.0:
    version "2.0.0"
    resolved "https://registry.npmjs.org/depd/-/depd-2.0.0.tgz"
    integrity sha512-g7nH6P6dyDioJogAAGprGpCtVImJhpPk/roCzdb3fIh61/s/nPsfR6onyMwkCAR/OlC3yBC0lESvUoQEAssIrw==
  
  destroy@1.2.0:
    version "1.2.0"
    resolved "https://registry.npmjs.org/destroy/-/destroy-1.2.0.tgz"
    integrity sha512-2sJGJTaXIIaR1w4iJSNoN0hnMY7Gpc/n8D4qSCJw8QqFWXf7cuAgnEHxBpweaVcPevC2l3KpjYCx3NypQQgaJg==
  
  dicer@0.2.5:
    version "0.2.5"
    resolved "https://registry.npmjs.org/dicer/-/dicer-0.2.5.tgz"
    integrity sha512-FDvbtnq7dzlPz0wyYlOExifDEZcu8h+rErEXgfxqmLfRfC/kJidEFh4+effJRO3P0xmfqyPbSMG0LveNRfTKVg==
    dependencies:
      readable-stream "1.1.x"
      streamsearch "0.1.2"
  
  dotenv@^10.0.0:
    version "10.0.0"
    resolved "https://registry.npmjs.org/dotenv/-/dotenv-10.0.0.tgz"
    integrity sha512-rlBi9d8jpv9Sf1klPjNfFAuWDjKLwTIJJ/VxtoTwIR6hnZxcEOQCZg2oIL3MWBYw5GpUDKOEnND7LXTbIpQ03Q==
  
  ecdsa-sig-formatter@1.0.11:
    version "1.0.11"
    resolved "https://registry.npmjs.org/ecdsa-sig-formatter/-/ecdsa-sig-formatter-1.0.11.tgz"
    integrity sha512-nagl3RYrbNv6kQkeJIpt6NJZy8twLB/2vtz6yN9Z4vRKHN4/QZJIEbqohALSgwKdnksuY3k5Addp5lg8sVoVcQ==
    dependencies:
      safe-buffer "^5.0.1"
  
  ee-first@1.1.1:
    version "1.1.1"
    resolved "https://registry.npmjs.org/ee-first/-/ee-first-1.1.1.tgz"
    integrity sha1-WQxhFWsK4vTwJVcyoViyZrxWsh0= sha512-WMwm9LhRUo+WUaRN+vRuETqG89IgZphVSNkdFgeb6sS/E4OrDIN7t48CAewSHXc6C8lefD8KKfr5vY61brQlow==
  
  encodeurl@~1.0.2:
    version "1.0.2"
    resolved "https://registry.npmjs.org/encodeurl/-/encodeurl-1.0.2.tgz"
    integrity sha512-TPJXq8JqFaVYm2CWmPvnP2Iyo4ZSM7/QKcSmuMLDObfpH5fi7RUGmd/rTDf+rut/saiDiQEeVTNgAmJEdAOx0w==
  
  es-define-property@^1.0.0:
    version "1.0.0"
    resolved "https://registry.npmjs.org/es-define-property/-/es-define-property-1.0.0.tgz"
    integrity sha512-jxayLKShrEqqzJ0eumQbVhTYQM27CfT1T35+gCgDFoL82JLsXqTJ76zv6A0YLOgEnLUMvLzsDsGIrl8NFpT2gQ==
    dependencies:
      get-intrinsic "^1.2.4"
  
  es-errors@^1.3.0:
    version "1.3.0"
    resolved "https://registry.npmjs.org/es-errors/-/es-errors-1.3.0.tgz"
    integrity sha512-Zf5H2Kxt2xjTvbJvP2ZWLEICxA6j+hAmMzIlypy4xcBg1vKVnx89Wy0GbS+kf5cwCVFFzdCFh2XSCFNULS6csw==
  
  escape-html@~1.0.3:
    version "1.0.3"
    resolved "https://registry.npmjs.org/escape-html/-/escape-html-1.0.3.tgz"
    integrity sha512-NiSupZ4OeuGwr68lGIeym/ksIZMJodUGOSCZ/FSnTxcrekbvqrgdUxlJOMpijaKZVjAJrWrGs/6Jy8OMuyj9ow==
  
  etag@~1.8.1:
    version "1.8.1"
    resolved "https://registry.npmjs.org/etag/-/etag-1.8.1.tgz"
    integrity sha512-aIL5Fx7mawVa300al2BnEE4iNvo1qETxLrPI/o05L7z6go7fCw1J6EQmbK4FmJ2AS7kgVF/KEZWufBfdClMcPg==
  
  express-async-handler@^1.1.4:
    version "1.1.4"
    resolved "https://registry.npmjs.org/express-async-handler/-/express-async-handler-1.1.4.tgz"
    integrity sha512-HdmbVF4V4w1q/iz++RV7bUxIeepTukWewiJGkoCKQMtvPF11MLTa7It9PRc/reysXXZSEyD4Pthchju+IUbMiQ==
  
  express@^4.17.1:
    version "4.19.2"
    resolved "https://registry.npmjs.org/express/-/express-4.19.2.tgz"
    integrity sha512-5T6nhjsT+EOMzuck8JjBHARTHfMht0POzlA60WV2pMD3gyXw2LZnZ+ueGdNxG+0calOJcWKbpFcuzLZ91YWq9Q==
    dependencies:
      accepts "~1.3.8"
      array-flatten "1.1.1"
      body-parser "1.20.2"
      content-disposition "0.5.4"
      content-type "~1.0.4"
      cookie "0.6.0"
      cookie-signature "1.0.6"
      debug "2.6.9"
      depd "2.0.0"
      encodeurl "~1.0.2"
      escape-html "~1.0.3"
      etag "~1.8.1"
      finalhandler "1.2.0"
      fresh "0.5.2"
      http-errors "2.0.0"
      merge-descriptors "1.0.1"
      methods "~1.1.2"
      on-finished "2.4.1"
      parseurl "~1.3.3"
      path-to-regexp "0.1.7"
      proxy-addr "~2.0.7"
      qs "6.11.0"
      range-parser "~1.2.1"
      safe-buffer "5.2.1"
      send "0.18.0"
      serve-static "1.15.0"
      setprototypeof "1.2.0"
      statuses "2.0.1"
      type-is "~1.6.18"
      utils-merge "1.0.1"
      vary "~1.1.2"
  
  fast-xml-parser@4.2.5:
    version "4.2.5"
    resolved "https://registry.npmjs.org/fast-xml-parser/-/fast-xml-parser-4.2.5.tgz"
    integrity sha512-B9/wizE4WngqQftFPmdaMYlXoJlJOYxGQOanC77fq9k8+Z0v5dDSVh+3glErdIROP//s/jgb7ZuxKfB8nVyo0g==
    dependencies:
      strnum "^1.0.5"
  
  fill-range@^7.0.1:
    version "7.0.1"
    resolved "https://registry.npmjs.org/fill-range/-/fill-range-7.0.1.tgz"
    integrity sha512-qOo9F+dMUmC2Lcb4BbVvnKJxTPjCm+RRpe4gDuGrzkL7mEVl/djYSu2OdQ2Pa302N4oqkSg9ir6jaLWJ2USVpQ==
    dependencies:
      to-regex-range "^5.0.1"
  
  finalhandler@1.2.0:
    version "1.2.0"
    resolved "https://registry.npmjs.org/finalhandler/-/finalhandler-1.2.0.tgz"
    integrity sha512-5uXcUVftlQMFnWC9qu/svkWv3GTd2PfUhK/3PLkYNAe7FbqJMt3515HaxE6eRL74GdsriiwujiawdaB1BpEISg==
    dependencies:
      debug "2.6.9"
      encodeurl "~1.0.2"
      escape-html "~1.0.3"
      on-finished "2.4.1"
      parseurl "~1.3.3"
      statuses "2.0.1"
      unpipe "~1.0.0"
  
  forwarded@0.2.0:
    version "0.2.0"
    resolved "https://registry.npmjs.org/forwarded/-/forwarded-0.2.0.tgz"
    integrity sha512-buRG0fpBtRHSTCOASe6hD258tEubFoRLb4ZNA6NxMVHNw2gOcwHo9wyablzMzOA5z9xA9L1KNjk/Nt6MT9aYow==
  
  fresh@0.5.2:
    version "0.5.2"
    resolved "https://registry.npmjs.org/fresh/-/fresh-0.5.2.tgz"
    integrity sha512-zJ2mQYM18rEFOudeV4GShTGIQ7RbzA7ozbU9I/XBpm7kqgMywgmylMwXHxZJmkVoYkna9d2pVXVXPdYTP9ej8Q==
  
  function-bind@^1.1.2:
    version "1.1.2"
    resolved "https://registry.npmjs.org/function-bind/-/function-bind-1.1.2.tgz"
    integrity sha512-7XHNxH7qX9xG5mIwxkhumTox/MIRNcOgDrxWsMt2pAr23WHp6MrRlN7FBSFpCpr+oVO0F744iUgR82nJMfG2SA==
  
  get-intrinsic@^1.1.3, get-intrinsic@^1.2.4:
    version "1.2.4"
    resolved "https://registry.npmjs.org/get-intrinsic/-/get-intrinsic-1.2.4.tgz"
    integrity sha512-5uYhsJH8VJBTv7oslg4BznJYhDoRI6waYCxMmCdnTrcCrHA/fCFKoTFz2JKKE0HdDFUF7/oQuhzumXJK7paBRQ==
    dependencies:
      es-errors "^1.3.0"
      function-bind "^1.1.2"
      has-proto "^1.0.1"
      has-symbols "^1.0.3"
      hasown "^2.0.0"
  
  glob-parent@~5.1.2:
    version "5.1.2"
    resolved "https://registry.npmjs.org/glob-parent/-/glob-parent-5.1.2.tgz"
    integrity sha512-AOIgSQCepiJYwP3ARnGx+5VnTu2HBYdzbGP45eLw1vr3zB3vZLeyed1sC9hnbcOc9/SrMyM5RPQrkGz4aS9Zow==
    dependencies:
      is-glob "^4.0.1"
  
  gopd@^1.0.1:
    version "1.0.1"
    resolved "https://registry.npmjs.org/gopd/-/gopd-1.0.1.tgz"
    integrity sha512-d65bNlIadxvpb/A2abVdlqKqV563juRnZ1Wtk6s1sIR8uNsXR70xqIzVqxVf1eTqDunwT2MkczEeaezCKTZhwA==
    dependencies:
      get-intrinsic "^1.1.3"
  
  has-flag@^3.0.0:
    version "3.0.0"
    resolved "https://registry.npmjs.org/has-flag/-/has-flag-3.0.0.tgz"
    integrity sha1-tdRU3CGZriJWmfNGfloH87lVuv0= sha512-sKJf1+ceQBr4SMkvQnBDNDtf4TXpVhVGateu0t918bl30FnbE2m4vNLX+VWe/dpjlb+HugGYzW7uQXH98HPEYw==
  
  has-property-descriptors@^1.0.2:
    version "1.0.2"
    resolved "https://registry.npmjs.org/has-property-descriptors/-/has-property-descriptors-1.0.2.tgz"
    integrity sha512-55JNKuIW+vq4Ke1BjOTjM2YctQIvCT7GFzHwmfZPGo5wnrgkid0YQtnAleFSqumZm4az3n2BS+erby5ipJdgrg==
    dependencies:
      es-define-property "^1.0.0"
  
  has-proto@^1.0.1:
    version "1.0.3"
    resolved "https://registry.npmjs.org/has-proto/-/has-proto-1.0.3.tgz"
    integrity sha512-SJ1amZAJUiZS+PhsVLf5tGydlaVB8EdFpaSO4gmiUKUOxk8qzn5AIy4ZeJUmh22znIdk/uMAUT2pl3FxzVUH+Q==
  
  has-symbols@^1.0.3:
    version "1.0.3"
    resolved "https://registry.npmjs.org/has-symbols/-/has-symbols-1.0.3.tgz"
    integrity sha512-l3LCuF6MgDNwTDKkdYGEihYjt5pRPbEg46rtlmnSPlUbgmB8LOIrKJbYYFBSbnPaJexMKtiPO8hmeRjRz2Td+A==
  
  hasown@^2.0.0:
    version "2.0.2"
    resolved "https://registry.npmjs.org/hasown/-/hasown-2.0.2.tgz"
    integrity sha512-0hJU9SCPvmMzIBdZFqNPXWa6dqh7WdH0cII9y+CyS8rG3nL48Bclra9HmKhVVUHyPWNH5Y7xDwAB7bfgSjkUMQ==
    dependencies:
      function-bind "^1.1.2"
  
  http-errors@2.0.0:
    version "2.0.0"
    resolved "https://registry.npmjs.org/http-errors/-/http-errors-2.0.0.tgz"
    integrity sha512-FtwrG/euBzaEjYeRqOgly7G0qviiXoJWnvEH2Z1plBdXgbyjv34pHTSb9zoeHMyDy33+DWy5Wt9Wo+TURtOYSQ==
    dependencies:
      depd "2.0.0"
      inherits "2.0.4"
      setprototypeof "1.2.0"
      statuses "2.0.1"
      toidentifier "1.0.1"
  
  iconv-lite@0.4.24:
    version "0.4.24"
    resolved "https://registry.npmjs.org/iconv-lite/-/iconv-lite-0.4.24.tgz"
    integrity sha512-v3MXnZAcvnywkTUEZomIActle7RXXeedOR31wwl7VlyoXO4Qi9arvSenNQWne1TcRwhCL1HwLI21bEqdpj8/rA==
    dependencies:
      safer-buffer ">= 2.1.2 < 3"
  
  ieee754@^1.1.13:
    version "1.2.1"
    resolved "https://registry.npmjs.org/ieee754/-/ieee754-1.2.1.tgz"
    integrity sha512-dcyqhDvX1C46lXZcVqCpK+FtMRQVdIMN6/Df5js2zouUsqG7I6sFxitIC+7KYK29KdXOLHdu9zL4sFnoVQnqaA==
  
  ignore-by-default@^1.0.1:
    version "1.0.1"
    resolved "https://registry.npmjs.org/ignore-by-default/-/ignore-by-default-1.0.1.tgz"
    integrity sha1-SMptcvbGo68Aqa1K5odr44ieKwk= sha512-Ius2VYcGNk7T90CppJqcIkS5ooHUZyIQK+ClZfMfMNFEF9VSE73Fq+906u/CWu92x4gzZMWOwfFYckPObzdEbA==
  
  inherits@^2.0.3, inherits@~2.0.1, inherits@~2.0.3, inherits@2.0.4:
    version "2.0.4"
    resolved "https://registry.npmjs.org/inherits/-/inherits-2.0.4.tgz"
    integrity sha512-k/vGaX4/Yla3WzyMCvTQOXYeIHvqOKtnqBduzTHpzpQZzAskKMhZ2K+EnBiSM9zGSoIFeMpXKxa4dYeZIQqewQ==
  
  ip-address@^9.0.5:
    version "9.0.5"
    resolved "https://registry.npmjs.org/ip-address/-/ip-address-9.0.5.tgz"
    integrity sha512-zHtQzGojZXTwZTHQqra+ETKd4Sn3vgi7uBmlPoXVWZqYvuKmtI0l/VZTjqGmJY9x88GGOaZ9+G9ES8hC4T4X8g==
    dependencies:
      jsbn "1.1.0"
      sprintf-js "^1.1.3"
  
  ipaddr.js@1.9.1:
    version "1.9.1"
    resolved "https://registry.npmjs.org/ipaddr.js/-/ipaddr.js-1.9.1.tgz"
    integrity sha512-0KI/607xoxSToH7GjN1FfSbLoU0+btTicjsQSWQlh/hZykN8KpmMf7uYwPW3R+akZ6R/w18ZlXSHBYXiYUPO3g==
  
  is-binary-path@~2.1.0:
    version "2.1.0"
    resolved "https://registry.npmjs.org/is-binary-path/-/is-binary-path-2.1.0.tgz"
    integrity sha512-ZMERYes6pDydyuGidse7OsHxtbI7WVeUEozgR/g7rd0xUimYNlvZRE/K2MgZTjWy725IfelLeVcEM97mmtRGXw==
    dependencies:
      binary-extensions "^2.0.0"
  
  is-extglob@^2.1.1:
    version "2.1.1"
    resolved "https://registry.npmjs.org/is-extglob/-/is-extglob-2.1.1.tgz"
    integrity sha1-qIwCU1eR8C7TfHahueqXc8gz+MI= sha512-SbKbANkN603Vi4jEZv49LeVJMn4yGwsbzZworEoyEiutsN3nJYdbO36zfhGJ6QEDpOZIFkDtnq5JRxmvl3jsoQ==
  
  is-glob@^4.0.1, is-glob@~4.0.1:
    version "4.0.1"
    resolved "https://registry.npmjs.org/is-glob/-/is-glob-4.0.1.tgz"
    integrity sha512-5G0tKtBTFImOqDnLB2hG6Bp2qcKEFduo4tZu9MT/H6NQv/ghhy30o55ufafxJ/LdH79LLs2Kfrn85TLKyA7BUg==
    dependencies:
      is-extglob "^2.1.1"
  
  is-number@^7.0.0:
    version "7.0.0"
    resolved "https://registry.npmjs.org/is-number/-/is-number-7.0.0.tgz"
    integrity sha512-41Cifkg6e8TylSpdtTpeLVMqvSBEVzTttHvERD741+pnZ8ANv0004MRL43QKPDlK9cGvNp6NZWZUBlbGXYxxng==
  
  isarray@~1.0.0:
    version "1.0.0"
    resolved "https://registry.npmjs.org/isarray/-/isarray-1.0.0.tgz"
    integrity sha1-u5NdSFgsuhaMBoNJV6VKPgcSTxE= sha512-VLghIWNM6ELQzo7zwmcg0NmTVyWKYjvIeM83yjp0wRDTmUnrM678fQbcKBo6n2CJEF0szoG//ytg+TKla89ALQ==
  
  isarray@0.0.1:
    version "0.0.1"
    resolved "https://registry.npmjs.org/isarray/-/isarray-0.0.1.tgz"
    integrity sha1-ihis/Kmo9Bd+Cav8YDiTmwXR7t8= sha512-D2S+3GLxWH+uhrNEcoh/fnmYeP8E8/zHl644d/jdA0g2uyXvy3sb0qxotE+ne0LtccHknQzWwZEzhak7oJ0COQ==
  
  jsbn@1.1.0:
    version "1.1.0"
    resolved "https://registry.npmjs.org/jsbn/-/jsbn-1.1.0.tgz"
    integrity sha512-4bYVV3aAMtDTTu4+xsDYa6sy9GyJ69/amsu9sYF2zqjiEoZA5xJi3BrfX3uY+/IekIu7MwdObdbDWpoZdBv3/A==
  
  jsonwebtoken@^8.5.1:
    version "8.5.1"
    resolved "https://registry.npmjs.org/jsonwebtoken/-/jsonwebtoken-8.5.1.tgz"
    integrity sha512-XjwVfRS6jTMsqYs0EsuJ4LGxXV14zQybNd4L2r0UvbVnSF9Af8x7p5MzbJ90Ioz/9TI41/hTCvznF/loiSzn8w==
    dependencies:
      jws "^3.2.2"
      lodash.includes "^4.3.0"
      lodash.isboolean "^3.0.3"
      lodash.isinteger "^4.0.4"
      lodash.isnumber "^3.0.3"
      lodash.isplainobject "^4.0.6"
      lodash.isstring "^4.0.1"
      lodash.once "^4.0.0"
      ms "^2.1.1"
      semver "^5.6.0"
  
  jwa@^1.4.1:
    version "1.4.1"
    resolved "https://registry.npmjs.org/jwa/-/jwa-1.4.1.tgz"
    integrity sha512-qiLX/xhEEFKUAJ6FiBMbes3w9ATzyk5W7Hvzpa/SLYdxNtng+gcurvrI7TbACjIXlsJyr05/S1oUhZrc63evQA==
    dependencies:
      buffer-equal-constant-time "1.0.1"
      ecdsa-sig-formatter "1.0.11"
      safe-buffer "^5.0.1"
  
  jws@^3.2.2:
    version "3.2.2"
    resolved "https://registry.npmjs.org/jws/-/jws-3.2.2.tgz"
    integrity sha512-YHlZCB6lMTllWDtSPHz/ZXTsi8S00usEV6v1tjq8tOUZzw7DpSDWVXjXDre6ed1w/pd495ODpHZYSdkRTsa0HA==
    dependencies:
      jwa "^1.4.1"
      safe-buffer "^5.0.1"
  
  kareem@2.5.1:
    version "2.5.1"
    resolved "https://registry.npmjs.org/kareem/-/kareem-2.5.1.tgz"
    integrity sha512-7jFxRVm+jD+rkq3kY0iZDJfsO2/t4BBPeEb2qKn2lR/9KhuksYk5hxzfRYWMPV8P/x2d0kHD306YyWLzjjH+uA==
  
  lodash.includes@^4.3.0:
    version "4.3.0"
    resolved "https://registry.npmjs.org/lodash.includes/-/lodash.includes-4.3.0.tgz"
    integrity sha1-YLuYqHy5I8aMoeUTJUgzFISfVT8= sha512-W3Bx6mdkRTGtlJISOvVD/lbqjTlPPUDTMnlXZFnVwi9NKJ6tiAk6LVdlhZMm17VZisqhKcgzpO5Wz91PCt5b0w==
  
  lodash.isboolean@^3.0.3:
    version "3.0.3"
    resolved "https://registry.npmjs.org/lodash.isboolean/-/lodash.isboolean-3.0.3.tgz"
    integrity sha1-bC4XHbKiV82WgC/UOwGyDV9YcPY= sha512-Bz5mupy2SVbPHURB98VAcw+aHh4vRV5IPNhILUCsOzRmsTmSQ17jIuqopAentWoehktxGd9e/hbIXq980/1QJg==
  
  lodash.isinteger@^4.0.4:
    version "4.0.4"
    resolved "https://registry.npmjs.org/lodash.isinteger/-/lodash.isinteger-4.0.4.tgz"
    integrity sha1-YZwK89A/iwTDH1iChAt3sRzWg0M= sha512-DBwtEWN2caHQ9/imiNeEA5ys1JoRtRfY3d7V9wkqtbycnAmTvRRmbHKDV4a0EYc678/dia0jrte4tjYwVBaZUA==
  
  lodash.isnumber@^3.0.3:
    version "3.0.3"
    resolved "https://registry.npmjs.org/lodash.isnumber/-/lodash.isnumber-3.0.3.tgz"
    integrity sha1-POdoEMWSjQM1IwGsKHMX8RwLH/w= sha512-QYqzpfwO3/CWf3XP+Z+tkQsfaLL/EnUlXWVkIk5FUPc4sBdTehEqZONuyRt2P67PXAk+NXmTBcc97zw9t1FQrw==
  
  lodash.isplainobject@^4.0.6:
    version "4.0.6"
    resolved "https://registry.npmjs.org/lodash.isplainobject/-/lodash.isplainobject-4.0.6.tgz"
    integrity sha1-fFJqUtibRcRcxpC4gWO+BJf1UMs= sha512-oSXzaWypCMHkPC3NvBEaPHf0KsA5mvPrOPgQWDsbg8n7orZ290M0BmC/jgRZ4vcJ6DTAhjrsSYgdsW/F+MFOBA==
  
  lodash.isstring@^4.0.1:
    version "4.0.1"
    resolved "https://registry.npmjs.org/lodash.isstring/-/lodash.isstring-4.0.1.tgz"
    integrity sha1-1SfftUVuynzJu5XV2ur4i6VKVFE= sha512-0wJxfxH1wgO3GrbuP+dTTk7op+6L41QCXbGINEmD+ny/G/eCqGzxyCsh7159S+mgDDcoarnBw6PC1PS5+wUGgw==
  
  lodash.once@^4.0.0:
    version "4.1.1"
    resolved "https://registry.npmjs.org/lodash.once/-/lodash.once-4.1.1.tgz"
    integrity sha1-DdOXEhPHxW34gJd9UEyI+0cal6w= sha512-Sb487aTOCr9drQVL8pIxOzVhafOjZN9UU54hiN8PU3uAiSV7lx1yYNpbNmex2PK6dSJoNTSJUUswT651yww3Mg==
  
  media-typer@0.3.0:
    version "0.3.0"
    resolved "https://registry.npmjs.org/media-typer/-/media-typer-0.3.0.tgz"
    integrity sha1-hxDXrwqmJvj/+hzgAWhUUmMlV0g= sha512-dq+qelQ9akHpcOl/gUVRTxVIOkAJ1wR3QAvb4RsVjS8oVoFjDGTc679wJYmUmknUF5HwMLOgb5O+a3KxfWapPQ==
  
  memory-pager@^1.0.2:
    version "1.5.0"
    resolved "https://registry.npmjs.org/memory-pager/-/memory-pager-1.5.0.tgz"
    integrity sha512-ZS4Bp4r/Zoeq6+NLJpP+0Zzm0pR8whtGPf1XExKLJBAczGMnSi3It14OiNCStjQjM6NU1okjQGSxgEZN8eBYKg==
  
  merge-descriptors@1.0.1:
    version "1.0.1"
    resolved "https://registry.npmjs.org/merge-descriptors/-/merge-descriptors-1.0.1.tgz"
    integrity sha1-sAqqVW3YtEVoFQ7J0blT8/kMu2E= sha512-cCi6g3/Zr1iqQi6ySbseM1Xvooa98N0w31jzUYrXPX2xqObmFGHJ0tQ5u74H3mVh7wLouTseZyYIq39g8cNp1w==
  
  methods@~1.1.2:
    version "1.1.2"
    resolved "https://registry.npmjs.org/methods/-/methods-1.1.2.tgz"
    integrity sha1-VSmk1nZUE07cxSZmVoNbD4Ua/O4= sha512-iclAHeNqNm68zFtnZ0e+1L2yUIdvzNoauKU4WBA3VvH/vPFieF7qfRlwUZU+DA9P9bPXIS90ulxoUoCH23sV2w==
  
  mime-db@1.52.0:
    version "1.52.0"
    resolved "https://registry.npmjs.org/mime-db/-/mime-db-1.52.0.tgz"
    integrity sha512-sPU4uV7dYlvtWJxwwxHD0PuihVNiE7TyAbQ5SWxDCB9mUYvOgroQOwYQQOKPJ8CIbE+1ETVlOoK1UC2nU3gYvg==
  
  mime-types@~2.1.24, mime-types@~2.1.34:
    version "2.1.35"
    resolved "https://registry.npmjs.org/mime-types/-/mime-types-2.1.35.tgz"
    integrity sha512-ZDY+bPm5zTTF+YpCrAU9nK0UgICYPT0QtT1NZWFv4s++TNkcgVaT0g6+4R2uI4MjQjzysHB1zxuWL50hzaeXiw==
    dependencies:
      mime-db "1.52.0"
  
  mime@1.6.0:
    version "1.6.0"
    resolved "https://registry.npmjs.org/mime/-/mime-1.6.0.tgz"
    integrity sha512-x0Vn8spI+wuJ1O6S7gnbaQg8Pxh4NNHb7KSINmEWKiPE4RKOplvijn+NkmYmmRgP68mc70j2EbeTFRsrswaQeg==
  
  minimatch@^3.1.2:
    version "3.1.2"
    resolved "https://registry.npmjs.org/minimatch/-/minimatch-3.1.2.tgz"
    integrity sha512-J7p63hRiAjw1NDEww1W7i37+ByIrOWO5XQQAzZ3VOcL0PNybwpfmV/N05zFAzwQ9USyEcX6t3UO+K5aqBQOIHw==
    dependencies:
      brace-expansion "^1.1.7"
  
  minimist@^1.2.5:
    version "1.2.8"
    resolved "https://registry.npmjs.org/minimist/-/minimist-1.2.8.tgz"
    integrity sha512-2yyAR8qBkN3YuheJanUpWC5U3bb5osDywNB8RzDVlDwDHbocAJveqqj1u8+SVD7jkWT4yvsHCpWqqWqAxb0zCA==
  
  mkdirp@^0.5.4:
    version "0.5.5"
    resolved "https://registry.npmjs.org/mkdirp/-/mkdirp-0.5.5.tgz"
    integrity sha512-NKmAlESf6jMGym1++R0Ra7wvhV+wFW63FaSOFPwRahvea0gMUcGUhVeAg/0BC0wiv9ih5NYPB1Wn1UEI1/L+xQ==
    dependencies:
      minimist "^1.2.5"
  
  mongodb-connection-string-url@^2.6.0:
    version "2.6.0"
    resolved "https://registry.npmjs.org/mongodb-connection-string-url/-/mongodb-connection-string-url-2.6.0.tgz"
    integrity sha512-WvTZlI9ab0QYtTYnuMLgobULWhokRjtC7db9LtcVfJ+Hsnyr5eo6ZtNAt3Ly24XZScGMelOcGtm7lSn0332tPQ==
    dependencies:
      "@types/whatwg-url" "^8.2.1"
      whatwg-url "^11.0.0"
  
  mongodb@4.17.2:
    version "4.17.2"
    resolved "https://registry.npmjs.org/mongodb/-/mongodb-4.17.2.tgz"
    integrity sha512-mLV7SEiov2LHleRJPMPrK2PMyhXFZt2UQLC4VD4pnth3jMjYKHhtqfwwkkvS/NXuo/Fp3vbhaNcXrIDaLRb9Tg==
    dependencies:
      bson "^4.7.2"
      mongodb-connection-string-url "^2.6.0"
      socks "^2.7.1"
    optionalDependencies:
      "@aws-sdk/credential-providers" "^3.186.0"
      "@mongodb-js/saslprep" "^1.1.0"
  
  mongoose@^6.0.5:
    version "6.12.9"
    resolved "https://registry.npmjs.org/mongoose/-/mongoose-6.12.9.tgz"
    integrity sha512-/2eOuoTC4Bl1xk1GWvpHeSbBW0RX+8bPrfCT2sBpndGjC+f4tbZ3NVKIv9CvQNXw7rl7Wrl5G1g4r+UKHPqXoQ==
    dependencies:
      bson "^4.7.2"
      kareem "2.5.1"
      mongodb "4.17.2"
      mpath "0.9.0"
      mquery "4.0.3"
      ms "2.1.3"
      sift "16.0.1"
  
  mpath@0.9.0:
    version "0.9.0"
    resolved "https://registry.npmjs.org/mpath/-/mpath-0.9.0.tgz"
    integrity sha512-ikJRQTk8hw5DEoFVxHG1Gn9T/xcjtdnOKIU1JTmGjZZlg9LST2mBLmcX3/ICIbgJydT2GOc15RnNy5mHmzfSew==
  
  mquery@4.0.3:
    version "4.0.3"
    resolved "https://registry.npmjs.org/mquery/-/mquery-4.0.3.tgz"
    integrity sha512-J5heI+P08I6VJ2Ky3+33IpCdAvlYGTSUjwTPxkAr8i8EoduPMBX2OY/wa3IKZIQl7MU4SbFk8ndgSKyB/cl1zA==
    dependencies:
      debug "4.x"
  
  ms@^2.1.1:
    version "2.1.3"
    resolved "https://registry.npmjs.org/ms/-/ms-2.1.3.tgz"
    integrity sha512-6FlzubTLZG3J2a/NVCAleEhjzq5oxgHyaCU9yYXvcLsvoVaHJq/s5xXI6/XXP6tz7R9xAOtHnSO/tXtF3WRTlA==
  
  ms@2.0.0:
    version "2.0.0"
    resolved "https://registry.npmjs.org/ms/-/ms-2.0.0.tgz"
    integrity sha1-VgiurfwAvmwpAd9fmGF4jeDVl8g= sha512-Tpp60P6IUJDTuOq/5Z8cdskzJujfwqfOTkrwIwj7IRISpnkJnT6SyJ4PCPnGMoFjC9ddhal5KVIYtAt97ix05A==
  
  ms@2.1.2:
    version "2.1.2"
    resolved "https://registry.npmjs.org/ms/-/ms-2.1.2.tgz"
    integrity sha512-sGkPx+VjMtmA6MX27oA4FBFELFCZZ4S4XqeGOXCv68tT+jb3vk/RyaKWP0PTKyWtmLSM0b+adUTEvbs1PEaH2w==
  
  ms@2.1.3:
    version "2.1.3"
    resolved "https://registry.npmjs.org/ms/-/ms-2.1.3.tgz"
    integrity sha512-6FlzubTLZG3J2a/NVCAleEhjzq5oxgHyaCU9yYXvcLsvoVaHJq/s5xXI6/XXP6tz7R9xAOtHnSO/tXtF3WRTlA==
  
  multer@^1.4.3:
    version "1.4.4"
    resolved "https://registry.npmjs.org/multer/-/multer-1.4.4.tgz"
    integrity sha512-2wY2+xD4udX612aMqMcB8Ws2Voq6NIUPEtD1be6m411T4uDH/VtL9i//xvcyFlTVfRdaBsk7hV5tgrGQqhuBiw==
    dependencies:
      append-field "^1.0.0"
      busboy "^0.2.11"
      concat-stream "^1.5.2"
      mkdirp "^0.5.4"
      object-assign "^4.1.1"
      on-finished "^2.3.0"
      type-is "^1.6.4"
      xtend "^4.0.0"
  
  negotiator@0.6.3:
    version "0.6.3"
    resolved "https://registry.npmjs.org/negotiator/-/negotiator-0.6.3.tgz"
    integrity sha512-+EUsqGPLsM+j/zdChZjsnX51g4XrHFOIXwfnCVPGlQk/k5giakcKsuxCObBRu6DSm9opw/O6slWbJdghQM4bBg==
  
  nodemailer@^6.6.3:
    version "6.9.13"
    resolved "https://registry.npmjs.org/nodemailer/-/nodemailer-6.9.13.tgz"
    integrity sha512-7o38Yogx6krdoBf3jCAqnIN4oSQFx+fMa0I7dK1D+me9kBxx12D+/33wSb+fhOCtIxvYJ+4x4IMEhmhCKfAiOA==
  
  nodemon@^2.0.12:
    version "2.0.22"
    resolved "https://registry.npmjs.org/nodemon/-/nodemon-2.0.22.tgz"
    integrity sha512-B8YqaKMmyuCO7BowF1Z1/mkPqLk6cs/l63Ojtd6otKjMx47Dq1utxfRxcavH1I7VSaL8n5BUaoutadnsX3AAVQ==
    dependencies:
      chokidar "^3.5.2"
      debug "^3.2.7"
      ignore-by-default "^1.0.1"
      minimatch "^3.1.2"
      pstree.remy "^1.1.8"
      semver "^5.7.1"
      simple-update-notifier "^1.0.7"
      supports-color "^5.5.0"
      touch "^3.1.0"
      undefsafe "^2.0.5"
  
  nopt@~1.0.10:
    version "1.0.10"
    resolved "https://registry.npmjs.org/nopt/-/nopt-1.0.10.tgz"
    integrity sha1-bd0hvSoxQXuScn3Vhfim83YI6+4= sha512-NWmpvLSqUrgrAC9HCuxEvb+PSloHpqVu+FqcO4eeF2h5qYRhA7ev6KvelyQAKtegUbC6RypJnlEOhd8vloNKYg==
    dependencies:
      abbrev "1"
  
  normalize-path@^3.0.0, normalize-path@~3.0.0:
    version "3.0.0"
    resolved "https://registry.npmjs.org/normalize-path/-/normalize-path-3.0.0.tgz"
    integrity sha512-6eZs5Ls3WtCisHWp9S2GUy8dqkpGi4BVSz3GaqiE6ezub0512ESztXUwUB6C6IKbQkY2Pnb/mD4WYojCRwcwLA==
  
  object-assign@^4, object-assign@^4.1.1:
    version "4.1.1"
    resolved "https://registry.npmjs.org/object-assign/-/object-assign-4.1.1.tgz"
    integrity sha1-IQmtx5ZYh8/AXLvUQsrIv7s2CGM= sha512-rJgTQnkUnH1sFw8yT6VSU3zD3sWmu6sZhIseY8VX+GRu3P6F7Fu+JNDoXfklElbLJSnc3FUQHVe4cU5hj+BcUg==
  
  object-inspect@^1.13.1:
    version "1.13.1"
    resolved "https://registry.npmjs.org/object-inspect/-/object-inspect-1.13.1.tgz"
    integrity sha512-5qoj1RUiKOMsCCNLV1CBiPYE10sziTsnmNxkAI/rZhiD63CF7IqdFGC/XzjWjpSgLf0LxXX3bDFIh0E18f6UhQ==
  
  on-finished@^2.3.0, on-finished@2.4.1:
    version "2.4.1"
    resolved "https://registry.npmjs.org/on-finished/-/on-finished-2.4.1.tgz"
    integrity sha512-oVlzkg3ENAhCk2zdv7IJwd/QUD4z2RxRwpkcGY8psCVcCYZNq4wYnVWALHM+brtuJjePWiYF/ClmuDr8Ch5+kg==
    dependencies:
      ee-first "1.1.1"
  
  parseurl@~1.3.3:
    version "1.3.3"
    resolved "https://registry.npmjs.org/parseurl/-/parseurl-1.3.3.tgz"
    integrity sha512-CiyeOxFT/JZyN5m0z9PfXw4SCBJ6Sygz1Dpl0wqjlhDEGGBP1GnsUVEL0p63hoG1fcj3fHynXi9NYO4nWOL+qQ==
  
  path-to-regexp@0.1.7:
    version "0.1.7"
    resolved "https://registry.npmjs.org/path-to-regexp/-/path-to-regexp-0.1.7.tgz"
    integrity sha1-32BBeABfUi8V60SQ5yR6G/qmf4w= sha512-5DFkuoqlv1uYQKxy8omFBeJPQcdoE07Kv2sferDCrAq1ohOU+MSDswDIbnx3YAM60qIOnYa53wBhXW0EbMonrQ==
  
  picomatch@^2.0.4, picomatch@^2.2.1:
    version "2.3.0"
    resolved "https://registry.npmjs.org/picomatch/-/picomatch-2.3.0.tgz"
    integrity sha512-lY1Q/PiJGC2zOv/z391WOTD+Z02bCgsFfvxoXXf6h7kv9o+WmsmzYqrAwY63sNgOxE4xEdq0WyUnXfKeBrSvYw==
  
  process-nextick-args@~2.0.0:
    version "2.0.1"
    resolved "https://registry.npmjs.org/process-nextick-args/-/process-nextick-args-2.0.1.tgz"
    integrity sha512-3ouUOpQhtgrbOa17J7+uxOTpITYWaGP7/AhoR3+A+/1e9skrzelGi/dXzEYyvbxubEF6Wn2ypscTKiKJFFn1ag==
  
  proxy-addr@~2.0.7:
    version "2.0.7"
    resolved "https://registry.npmjs.org/proxy-addr/-/proxy-addr-2.0.7.tgz"
    integrity sha512-llQsMLSUDUPT44jdrU/O37qlnifitDP+ZwrmmZcoSKyLKvtZxpyV0n2/bD/N4tBAAZ/gJEdZU7KMraoK1+XYAg==
    dependencies:
      forwarded "0.2.0"
      ipaddr.js "1.9.1"
  
  pstree.remy@^1.1.8:
    version "1.1.8"
    resolved "https://registry.npmjs.org/pstree.remy/-/pstree.remy-1.1.8.tgz"
    integrity sha512-77DZwxQmxKnu3aR542U+X8FypNzbfJ+C5XQDk3uWjWxn6151aIMGthWYRXTqT1E5oJvg+ljaa2OJi+VfvCOQ8w==
  
  punycode@^2.1.1:
    version "2.3.1"
    resolved "https://registry.npmjs.org/punycode/-/punycode-2.3.1.tgz"
    integrity sha512-vYt7UD1U9Wg6138shLtLOvdAu+8DsC/ilFtEVHcH+wydcSpNE20AfSOduf6MkRFahL5FY7X1oU7nKVZFtfq8Fg==
  
  qs@6.11.0:
    version "6.11.0"
    resolved "https://registry.npmjs.org/qs/-/qs-6.11.0.tgz"
    integrity sha512-MvjoMCJwEarSbUYk5O+nmoSzSutSsTwF85zcHPQ9OrlFoZOYIjaqBAJIqIXjptyD5vThxGq52Xu/MaJzRkIk4Q==
    dependencies:
      side-channel "^1.0.4"
  
  range-parser@~1.2.1:
    version "1.2.1"
    resolved "https://registry.npmjs.org/range-parser/-/range-parser-1.2.1.tgz"
    integrity sha512-Hrgsx+orqoygnmhFbKaHE6c296J+HTAQXoxEF6gNupROmmGJRoyzfG3ccAveqCBrwr/2yxQ5BVd/GTl5agOwSg==
  
  raw-body@2.5.2:
    version "2.5.2"
    resolved "https://registry.npmjs.org/raw-body/-/raw-body-2.5.2.tgz"
    integrity sha512-8zGqypfENjCIqGhgXToC8aB2r7YrBX+AQAfIPs/Mlk+BtPTztOvTS01NRW/3Eh60J+a48lt8qsCzirQ6loCVfA==
    dependencies:
      bytes "3.1.2"
      http-errors "2.0.0"
      iconv-lite "0.4.24"
      unpipe "1.0.0"
  
  readable-stream@^2.2.2:
    version "2.3.7"
    resolved "https://registry.npmjs.org/readable-stream/-/readable-stream-2.3.7.tgz"
    integrity sha512-Ebho8K4jIbHAxnuxi7o42OrZgF/ZTNcsZj6nRKyUmkhLFq8CHItp/fy6hQZuZmP/n3yZ9VBUbp4zz/mX8hmYPw==
    dependencies:
      core-util-is "~1.0.0"
      inherits "~2.0.3"
      isarray "~1.0.0"
      process-nextick-args "~2.0.0"
      safe-buffer "~5.1.1"
      string_decoder "~1.1.1"
      util-deprecate "~1.0.1"
  
  readable-stream@1.1.x:
    version "1.1.14"
    resolved "https://registry.npmjs.org/readable-stream/-/readable-stream-1.1.14.tgz"
    integrity sha1-fPTFTvZI44EwhMY23SB54WbAgdk= sha512-+MeVjFf4L44XUkhM1eYbD8fyEsxcV81pqMSR5gblfcLCHfZvbrqy4/qYHE+/R5HoBUT11WV5O08Cr1n3YXkWVQ==
    dependencies:
      core-util-is "~1.0.0"
      inherits "~2.0.1"
      isarray "0.0.1"
      string_decoder "~0.10.x"
  
  readdirp@~3.6.0:
    version "3.6.0"
    resolved "https://registry.npmjs.org/readdirp/-/readdirp-3.6.0.tgz"
    integrity sha512-hOS089on8RduqdbhvQ5Z37A0ESjsqz6qnRcffsMU3495FuTdqSm+7bhJ29JvIOsBDEEnan5DPu9t3To9VRlMzA==
    dependencies:
      picomatch "^2.2.1"
  
  safe-buffer@^5.0.1, safe-buffer@~5.1.0, safe-buffer@~5.1.1:
    version "5.1.2"
    resolved "https://registry.npmjs.org/safe-buffer/-/safe-buffer-5.1.2.tgz"
    integrity sha512-Gd2UZBJDkXlY7GbJxfsE8/nvKkUEU1G38c1siN6QP6a9PT9MmHB8GnpscSmMJSoF8LOIrt8ud/wPtojys4G6+g==
  
  safe-buffer@5.2.1:
    version "5.2.1"
    resolved "https://registry.npmjs.org/safe-buffer/-/safe-buffer-5.2.1.tgz"
    integrity sha512-rp3So07KcdmmKbGvgaNxQSJr7bGVSVk5S9Eq1F+ppbRo70+YeaDxkw5Dd8NPN+GD6bjnYm2VuPuCXmpuYvmCXQ==
  
  "safer-buffer@>= 2.1.2 < 3":
    version "2.1.2"
    resolved "https://registry.npmjs.org/safer-buffer/-/safer-buffer-2.1.2.tgz"
    integrity sha512-YZo3K82SD7Riyi0E1EQPojLz7kpepnSQI9IyPbHHg1XXXevb5dJI7tpyN2ADxGcQbHG7vcyRHk0cbwqcQriUtg==
  
  semver@^5.6.0, semver@^5.7.1:
    version "5.7.2"
    resolved "https://registry.npmjs.org/semver/-/semver-5.7.2.tgz"
    integrity sha512-cBznnQ9KjJqU67B52RMC65CMarK2600WFnbkcaiwWq3xy/5haFJlshgnpjovMVJ+Hff49d8GEn0b87C5pDQ10g==
  
  semver@~7.0.0:
    version "7.0.0"
    resolved "https://registry.npmjs.org/semver/-/semver-7.0.0.tgz"
    integrity sha512-+GB6zVA9LWh6zovYQLALHwv5rb2PHGlJi3lfiqIHxR0uuwCgefcOJc59v9fv1w8GbStwxuuqqAjI9NMAOOgq1A==
  
  send@0.18.0:
    version "0.18.0"
    resolved "https://registry.npmjs.org/send/-/send-0.18.0.tgz"
    integrity sha512-qqWzuOjSFOuqPjFe4NOsMLafToQQwBSOEpS+FwEt3A2V3vKubTquT3vmLTQpFgMXp8AlFWFuP1qKaJZOtPpVXg==
    dependencies:
      debug "2.6.9"
      depd "2.0.0"
      destroy "1.2.0"
      encodeurl "~1.0.2"
      escape-html "~1.0.3"
      etag "~1.8.1"
      fresh "0.5.2"
      http-errors "2.0.0"
      mime "1.6.0"
      ms "2.1.3"
      on-finished "2.4.1"
      range-parser "~1.2.1"
      statuses "2.0.1"
  
  serve-static@1.15.0:
    version "1.15.0"
    resolved "https://registry.npmjs.org/serve-static/-/serve-static-1.15.0.tgz"
    integrity sha512-XGuRDNjXUijsUL0vl6nSD7cwURuzEgglbOaFuZM9g3kwDXOWVTck0jLzjPzGD+TazWbboZYu52/9/XPdUgne9g==
    dependencies:
      encodeurl "~1.0.2"
      escape-html "~1.0.3"
      parseurl "~1.3.3"
      send "0.18.0"
  
  set-function-length@^1.2.1:
    version "1.2.2"
    resolved "https://registry.npmjs.org/set-function-length/-/set-function-length-1.2.2.tgz"
    integrity sha512-pgRc4hJ4/sNjWCSS9AmnS40x3bNMDTknHgL5UaMBTMyJnU90EgWh1Rz+MC9eFu4BuN/UwZjKQuY/1v3rM7HMfg==
    dependencies:
      define-data-property "^1.1.4"
      es-errors "^1.3.0"
      function-bind "^1.1.2"
      get-intrinsic "^1.2.4"
      gopd "^1.0.1"
      has-property-descriptors "^1.0.2"
  
  setprototypeof@1.2.0:
    version "1.2.0"
    resolved "https://registry.npmjs.org/setprototypeof/-/setprototypeof-1.2.0.tgz"
    integrity sha512-E5LDX7Wrp85Kil5bhZv46j8jOeboKq5JMmYM3gVGdGH8xFpPWXUMsNrlODCrkoxMEeNi/XZIwuRvY4XNwYMJpw==
  
  side-channel@^1.0.4:
    version "1.0.6"
    resolved "https://registry.npmjs.org/side-channel/-/side-channel-1.0.6.tgz"
    integrity sha512-fDW/EZ6Q9RiO8eFG8Hj+7u/oW+XrPTIChwCOM2+th2A6OblDtYYIpve9m+KvI9Z4C9qSEXlaGR6bTEYHReuglA==
    dependencies:
      call-bind "^1.0.7"
      es-errors "^1.3.0"
      get-intrinsic "^1.2.4"
      object-inspect "^1.13.1"
  
  sift@16.0.1:
    version "16.0.1"
    resolved "https://registry.npmjs.org/sift/-/sift-16.0.1.tgz"
    integrity sha512-Wv6BjQ5zbhW7VFefWusVP33T/EM0vYikCaQ2qR8yULbsilAT8/wQaXvuQ3ptGLpoKx+lihJE3y2UTgKDyyNHZQ==
  
  simple-update-notifier@^1.0.7:
    version "1.1.0"
    resolved "https://registry.npmjs.org/simple-update-notifier/-/simple-update-notifier-1.1.0.tgz"
    integrity sha512-VpsrsJSUcJEseSbMHkrsrAVSdvVS5I96Qo1QAQ4FxQ9wXFcB+pjj7FB7/us9+GcgfW4ziHtYMc1J0PLczb55mg==
    dependencies:
      semver "~7.0.0"
  
  smart-buffer@^4.2.0:
    version "4.2.0"
    resolved "https://registry.npmjs.org/smart-buffer/-/smart-buffer-4.2.0.tgz"
    integrity sha512-94hK0Hh8rPqQl2xXc3HsaBoOXKV20MToPkcXvwbISWLEs+64sBq5kFgn2kJDHb1Pry9yrP0dxrCI9RRci7RXKg==
  
  socks@^2.7.1:
    version "2.8.3"
    resolved "https://registry.npmjs.org/socks/-/socks-2.8.3.tgz"
    integrity sha512-l5x7VUUWbjVFbafGLxPWkYsHIhEvmF85tbIeFZWc8ZPtoMyybuEhL7Jye/ooC4/d48FgOjSJXgsF/AJPYCW8Zw==
    dependencies:
      ip-address "^9.0.5"
      smart-buffer "^4.2.0"
  
  sparse-bitfield@^3.0.3:
    version "3.0.3"
    resolved "https://registry.npmjs.org/sparse-bitfield/-/sparse-bitfield-3.0.3.tgz"
    integrity sha512-kvzhi7vqKTfkh0PZU+2D2PIllw2ymqJKujUcyPMd9Y75Nv4nPbGJZXNhxsgdQab2BmlDct1YnfQCguEvHr7VsQ==
    dependencies:
      memory-pager "^1.0.2"
  
  sprintf-js@^1.1.3:
    version "1.1.3"
    resolved "https://registry.npmjs.org/sprintf-js/-/sprintf-js-1.1.3.tgz"
    integrity sha512-Oo+0REFV59/rz3gfJNKQiBlwfHaSESl1pcGyABQsnnIfWOFt6JNj5gCog2U6MLZ//IGYD+nA8nI+mTShREReaA==
  
  statuses@2.0.1:
    version "2.0.1"
    resolved "https://registry.npmjs.org/statuses/-/statuses-2.0.1.tgz"
    integrity sha512-RwNA9Z/7PrK06rYLIzFMlaF+l73iwpzsqRIFgbMLbTcLD6cOao82TaWefPXQvB2fOC4AjuYSEndS7N/mTCbkdQ==
  
  streamsearch@0.1.2:
    version "0.1.2"
    resolved "https://registry.npmjs.org/streamsearch/-/streamsearch-0.1.2.tgz"
    integrity sha1-gIudDlb8Jz2Am6VzOOkpkZoanxo= sha512-jos8u++JKm0ARcSUTAZXOVC0mSox7Bhn6sBgty73P1f3JGf7yG2clTbBNHUdde/kdvP2FESam+vM6l8jBrNxHA==
  
  string_decoder@~0.10.x:
    version "0.10.31"
    resolved "https://registry.npmjs.org/string_decoder/-/string_decoder-0.10.31.tgz"
    integrity sha1-YuIDvEF2bGwoyfyEMB2rHFMQ+pQ= sha512-ev2QzSzWPYmy9GuqfIVildA4OdcGLeFZQrq5ys6RtiuF+RQQiZWr8TZNyAcuVXyQRYfEO+MsoB/1BuQVhOJuoQ==
  
  string_decoder@~1.1.1:
    version "1.1.1"
    resolved "https://registry.npmjs.org/string_decoder/-/string_decoder-1.1.1.tgz"
    integrity sha512-n/ShnvDi6FHbbVfviro+WojiFzv+s8MPMHBczVePfUpDJLwoLT0ht1l4YwBCbi8pJAveEEdnkHyPyTP/mzRfwg==
    dependencies:
      safe-buffer "~5.1.0"
  
  strnum@^1.0.5:
    version "1.0.5"
    resolved "https://registry.npmjs.org/strnum/-/strnum-1.0.5.tgz"
    integrity sha512-J8bbNyKKXl5qYcR36TIO8W3mVGVHrmmxsd5PAItGkmyzwJvybiw2IVq5nqd0i4LSNSkB/sx9VHllbfFdr9k1JA==
  
  supports-color@^5.5.0:
    version "5.5.0"
    resolved "https://registry.npmjs.org/supports-color/-/supports-color-5.5.0.tgz"
    integrity sha512-QjVjwdXIt408MIiAqCX4oUKsgU2EqAGzs2Ppkm4aQYbjm+ZEWEcW4SfFNTr4uMNZma0ey4f5lgLrkB0aX0QMow==
    dependencies:
      has-flag "^3.0.0"
  
  to-regex-range@^5.0.1:
    version "5.0.1"
    resolved "https://registry.npmjs.org/to-regex-range/-/to-regex-range-5.0.1.tgz"
    integrity sha512-65P7iz6X5yEr1cwcgvQxbbIw7Uk3gOy5dIdtZ4rDveLqhrdJP+Li/Hx6tyK0NEb+2GCyneCMJiGqrADCSNk8sQ==
    dependencies:
      is-number "^7.0.0"
  
  toidentifier@1.0.1:
    version "1.0.1"
    resolved "https://registry.npmjs.org/toidentifier/-/toidentifier-1.0.1.tgz"
    integrity sha512-o5sSPKEkg/DIQNmH43V0/uerLrpzVedkUh8tGNvaeXpfpuwjKenlSox/2O/BTlZUtEe+JG7s5YhEz608PlAHRA==
  
  touch@^3.1.0:
    version "3.1.0"
    resolved "https://registry.npmjs.org/touch/-/touch-3.1.0.tgz"
    integrity sha512-WBx8Uy5TLtOSRtIq+M03/sKDrXCLHxwDcquSP2c43Le03/9serjQBIztjRz6FkJez9D/hleyAXTBGLwwZUw9lA==
    dependencies:
      nopt "~1.0.10"
  
  tr46@^3.0.0:
    version "3.0.0"
    resolved "https://registry.npmjs.org/tr46/-/tr46-3.0.0.tgz"
    integrity sha512-l7FvfAHlcmulp8kr+flpQZmVwtu7nfRV7NZujtN0OqES8EL4O4e0qqzL0DC5gAvx/ZC/9lk6rhcUwYvkBnBnYA==
    dependencies:
      punycode "^2.1.1"
  
  tslib@^1.11.1:
    version "1.14.1"
    resolved "https://registry.npmjs.org/tslib/-/tslib-1.14.1.tgz"
    integrity sha512-Xni35NKzjgMrwevysHTCArtLDpPvye8zV/0E4EyYn43P7/7qvQwPh9BGkHewbMulVntbigmcT7rdX3BNo9wRJg==
  
  tslib@^2.3.1, tslib@^2.6.2:
    version "2.6.3"
    resolved "https://registry.npmjs.org/tslib/-/tslib-2.6.3.tgz"
    integrity sha512-xNvxJEOUiWPGhUuUdQgAJPKOOJfGnIyKySOc09XkKsgdUV/3E2zvwZYdejjmRgPCgcym1juLH3226yA7sEFJKQ==
  
  type-is@^1.6.4, type-is@~1.6.18:
    version "1.6.18"
    resolved "https://registry.npmjs.org/type-is/-/type-is-1.6.18.tgz"
    integrity sha512-TkRKr9sUTxEH8MdfuCSP7VizJyzRNMjj2J2do2Jr3Kym598JVdEksuzPQCnlFPW4ky9Q+iA+ma9BGm06XQBy8g==
    dependencies:
      media-typer "0.3.0"
      mime-types "~2.1.24"
  
  typedarray@^0.0.6:
    version "0.0.6"
    resolved "https://registry.npmjs.org/typedarray/-/typedarray-0.0.6.tgz"
    integrity sha1-hnrHTjhkGHsdPUfZlqeOxciDB3c= sha512-/aCDEGatGvZ2BIk+HmLf4ifCJFwvKFNb9/JeZPMulfgFracn9QFcAf5GO8B/mweUjSoblS5In0cWhqpfs/5PQA==
  
  undefsafe@^2.0.5:
    version "2.0.5"
    resolved "https://registry.npmjs.org/undefsafe/-/undefsafe-2.0.5.tgz"
    integrity sha512-WxONCrssBM8TSPRqN5EmsjVrsv4A8X12J4ArBiiayv3DyyG3ZlIg6yysuuSYdZsVz3TKcTg2fd//Ujd4CHV1iA==
  
  unpipe@~1.0.0, unpipe@1.0.0:
    version "1.0.0"
    resolved "https://registry.npmjs.org/unpipe/-/unpipe-1.0.0.tgz"
    integrity sha512-pjy2bYhSsufwWlKwPc+l3cN7+wuJlK6uz0YdJEOlQDbl6jo/YlPi4mb8agUkVC8BF7V8NuzeyPNqRksA3hztKQ==
  
  util-deprecate@~1.0.1:
    version "1.0.2"
    resolved "https://registry.npmjs.org/util-deprecate/-/util-deprecate-1.0.2.tgz"
    integrity sha1-RQ1Nyfpw3nMnYvvS1KKJgUGaDM8= sha512-EPD5q1uXyFxJpCrLnCc1nHnq3gOa6DZBocAIiI2TaSCA7VCJ1UJDMagCzIkXNsUYfD1daK//LTEQ8xiIbrHtcw==
  
  utils-merge@1.0.1:
    version "1.0.1"
    resolved "https://registry.npmjs.org/utils-merge/-/utils-merge-1.0.1.tgz"
    integrity sha1-n5VxD1CiZ5R7LMwSR0HBAoQn5xM= sha512-pMZTvIkT1d+TFGvDOqodOclx0QWkkgi6Tdoa8gC8ffGAAqz9pzPTZWAybbsHHoED/ztMtkv/VoYTYyShUn81hA==
  
  uuid@^9.0.1:
    version "9.0.1"
    resolved "https://registry.npmjs.org/uuid/-/uuid-9.0.1.tgz"
    integrity sha512-b+1eJOlsR9K8HJpow9Ok3fiWOWSIcIzXodvv0rQjVoOVNpWMpxf1wZNpt4y9h10odCNrqnYp1OBzRktckBe3sA==
  
  vary@^1, vary@~1.1.2:
    version "1.1.2"
    resolved "https://registry.npmjs.org/vary/-/vary-1.1.2.tgz"
    integrity sha1-IpnwLG3tMNSllhsLn3RSShj2NPw= sha512-BNGbWLfd0eUPabhkXUVm0j8uuvREyTh5ovRa/dyow/BqAbZJyC+5fU+IzQOzmAKzYqYRAISoRhdQr3eIZ/PXqg==
  
  webidl-conversions@^7.0.0:
    version "7.0.0"
    resolved "https://registry.npmjs.org/webidl-conversions/-/webidl-conversions-7.0.0.tgz"
    integrity sha512-VwddBukDzu71offAQR975unBIGqfKZpM+8ZX6ySk8nYhVoo5CYaZyzt3YBvYtRtO+aoGlqxPg/B87NGVZ/fu6g==
  
  whatwg-url@^11.0.0:
    version "11.0.0"
    resolved "https://registry.npmjs.org/whatwg-url/-/whatwg-url-11.0.0.tgz"
    integrity sha512-RKT8HExMpoYx4igMiVMY83lN6UeITKJlBQ+vR/8ZJ8OCdSiN3RwCq+9gH0+Xzj0+5IrM6i4j/6LuvzbZIQgEcQ==
    dependencies:
      tr46 "^3.0.0"
      webidl-conversions "^7.0.0"
  
  xtend@^4.0.0:
    version "4.0.2"
    resolved "https://registry.npmjs.org/xtend/-/xtend-4.0.2.tgz"
    integrity sha512-LKYU1iAXJXUgAXn9URjiu+MWhyUXHsvfp7mcuYm9dSUKK0/CjtrUwFAxD82/mCWbtLsGjFIad0wIsod4zrTAEQ==
